{"B:\\Innovation Project\\Railway Scan - Frontend\\src\\components\\admin\\AdminHeader.jsx": {"path":"B:\\Innovation Project\\Railway Scan - Frontend\\src\\components\\admin\\AdminHeader.jsx","statementMap":{"0":{"start":{"line":5,"column":20},"end":{"line":88,"column":null}},"1":{"start":{"line":6,"column":15},"end":{"line":6,"column":null}},"2":{"start":{"line":7,"column":38},"end":{"line":7,"column":null}},"3":{"start":{"line":9,"column":2},"end":{"line":86,"column":null}},"4":{"start":{"line":42,"column":29},"end":{"line":42,"column":null}},"5":{"start":{"line":59,"column":67},"end":{"line":59,"column":91}},"6":{"start":{"line":73,"column":22},"end":{"line":73,"column":null}},"7":{"start":{"line":74,"column":22},"end":{"line":74,"column":null}}},"fnMap":{"0":{"name":"(anonymous_0)","decl":{"start":{"line":5,"column":20},"end":{"line":5,"column":21}},"loc":{"start":{"line":5,"column":41},"end":{"line":88,"column":null}},"line":5},"1":{"name":"(anonymous_1)","decl":{"start":{"line":42,"column":23},"end":{"line":42,"column":29}},"loc":{"start":{"line":42,"column":29},"end":{"line":42,"column":null}},"line":42},"2":{"name":"(anonymous_2)","decl":{"start":{"line":59,"column":61},"end":{"line":59,"column":67}},"loc":{"start":{"line":59,"column":67},"end":{"line":59,"column":91}},"line":59},"3":{"name":"(anonymous_3)","decl":{"start":{"line":72,"column":29},"end":{"line":72,"column":35}},"loc":{"start":{"line":72,"column":35},"end":{"line":75,"column":null}},"line":72}},"branchMap":{"0":{"loc":{"start":{"line":47,"column":19},"end":{"line":47,"column":null}},"type":"binary-expr","locations":[{"start":{"line":47,"column":19},"end":{"line":47,"column":44}},{"start":{"line":47,"column":44},"end":{"line":47,"column":null}}],"line":47},"1":{"loc":{"start":{"line":51,"column":17},"end":{"line":51,"column":null}},"type":"binary-expr","locations":[{"start":{"line":51,"column":17},"end":{"line":51,"column":31}},{"start":{"line":51,"column":31},"end":{"line":51,"column":null}}],"line":51},"2":{"loc":{"start":{"line":57,"column":13},"end":{"line":81,"column":null}},"type":"binary-expr","locations":[{"start":{"line":57,"column":13},"end":{"line":57,"column":null}},{"start":{"line":58,"column":14},"end":{"line":81,"column":null}}],"line":57}},"s":{"0":1,"1":4,"2":4,"3":4,"4":0,"5":0,"6":0,"7":0},"f":{"0":4,"1":0,"2":0,"3":0},"b":{"0":[4,0],"1":[4,0],"2":[4,0]},"meta":{"lastBranch":3,"lastFunction":4,"lastStatement":8,"seen":{"s:5:20:88:Infinity":0,"f:5:20:5:21":0,"s:6:15:6:Infinity":1,"s:7:38:7:Infinity":2,"s:9:2:86:Infinity":3,"f:42:23:42:29":1,"s:42:29:42:Infinity":4,"b:47:19:47:44:47:44:47:Infinity":0,"b:51:17:51:31:51:31:51:Infinity":1,"b:57:13:57:Infinity:58:14:81:Infinity":2,"f:59:61:59:67":2,"s:59:67:59:91":5,"f:72:29:72:35":3,"s:73:22:73:Infinity":6,"s:74:22:74:Infinity":7}}}
,"B:\\Innovation Project\\Railway Scan - Frontend\\src\\components\\admin\\AdminSidebar.jsx": {"path":"B:\\Innovation Project\\Railway Scan - Frontend\\src\\components\\admin\\AdminSidebar.jsx","statementMap":{"0":{"start":{"line":17,"column":21},"end":{"line":141,"column":null}},"1":{"start":{"line":18,"column":15},"end":{"line":18,"column":null}},"2":{"start":{"line":20,"column":19},"end":{"line":54,"column":null}},"3":{"start":{"line":56,"column":2},"end":{"line":139,"column":null}},"4":{"start":{"line":101,"column":16},"end":{"line":118,"column":null}},"5":{"start":{"line":106,"column":43},"end":{"line":112,"column":null}}},"fnMap":{"0":{"name":"(anonymous_0)","decl":{"start":{"line":17,"column":21},"end":{"line":17,"column":22}},"loc":{"start":{"line":17,"column":46},"end":{"line":141,"column":null}},"line":17},"1":{"name":"(anonymous_1)","decl":{"start":{"line":100,"column":28},"end":{"line":100,"column":29}},"loc":{"start":{"line":101,"column":16},"end":{"line":118,"column":null}},"line":101},"2":{"name":"(anonymous_2)","decl":{"start":{"line":106,"column":31},"end":{"line":106,"column":32}},"loc":{"start":{"line":106,"column":43},"end":{"line":112,"column":null}},"line":106}},"branchMap":{"0":{"loc":{"start":{"line":59,"column":7},"end":{"line":60,"column":null}},"type":"binary-expr","locations":[{"start":{"line":59,"column":7},"end":{"line":59,"column":null}},{"start":{"line":60,"column":8},"end":{"line":60,"column":null}}],"line":59},"1":{"loc":{"start":{"line":69,"column":10},"end":{"line":69,"column":null}},"type":"cond-expr","locations":[{"start":{"line":69,"column":19},"end":{"line":69,"column":37}},{"start":{"line":69,"column":37},"end":{"line":69,"column":null}}],"line":69},"2":{"loc":{"start":{"line":111,"column":24},"end":{"line":111,"column":null}},"type":"cond-expr","locations":[{"start":{"line":111,"column":35},"end":{"line":111,"column":61}},{"start":{"line":111,"column":61},"end":{"line":111,"column":null}}],"line":111},"3":{"loc":{"start":{"line":124,"column":11},"end":{"line":135,"column":null}},"type":"binary-expr","locations":[{"start":{"line":124,"column":11},"end":{"line":124,"column":null}},{"start":{"line":125,"column":12},"end":{"line":135,"column":null}}],"line":124}},"s":{"0":1,"1":4,"2":4,"3":4,"4":32,"5":32},"f":{"0":4,"1":32,"2":32},"b":{"0":[4,0],"1":[0,4],"2":[4,28],"3":[4,4]},"meta":{"lastBranch":4,"lastFunction":3,"lastStatement":6,"seen":{"s:17:21:141:Infinity":0,"f:17:21:17:22":0,"s:18:15:18:Infinity":1,"s:20:19:54:Infinity":2,"s:56:2:139:Infinity":3,"b:59:7:59:Infinity:60:8:60:Infinity":0,"b:69:19:69:37:69:37:69:Infinity":1,"f:100:28:100:29":1,"s:101:16:118:Infinity":4,"f:106:31:106:32":2,"s:106:43:112:Infinity":5,"b:111:35:111:61:111:61:111:Infinity":2,"b:124:11:124:Infinity:125:12:135:Infinity":3}}}
,"B:\\Innovation Project\\Railway Scan - Frontend\\src\\components\\atoms\\Avatar.jsx": {"path":"B:\\Innovation Project\\Railway Scan - Frontend\\src\\components\\atoms\\Avatar.jsx","statementMap":{"0":{"start":{"line":4,"column":15},"end":{"line":68,"column":null}},"1":{"start":{"line":13,"column":16},"end":{"line":18,"column":null}},"2":{"start":{"line":20,"column":22},"end":{"line":25,"column":null}},"3":{"start":{"line":28,"column":22},"end":{"line":33,"column":null}},"4":{"start":{"line":29,"column":4},"end":{"line":29,"column":null}},"5":{"start":{"line":29,"column":15},"end":{"line":29,"column":null}},"6":{"start":{"line":30,"column":18},"end":{"line":30,"column":null}},"7":{"start":{"line":31,"column":4},"end":{"line":31,"column":null}},"8":{"start":{"line":31,"column":28},"end":{"line":31,"column":null}},"9":{"start":{"line":32,"column":4},"end":{"line":32,"column":null}},"10":{"start":{"line":35,"column":2},"end":{"line":66,"column":null}}},"fnMap":{"0":{"name":"(anonymous_0)","decl":{"start":{"line":4,"column":15},"end":{"line":4,"column":16}},"loc":{"start":{"line":12,"column":6},"end":{"line":68,"column":null}},"line":12},"1":{"name":"(anonymous_1)","decl":{"start":{"line":28,"column":22},"end":{"line":28,"column":30}},"loc":{"start":{"line":28,"column":30},"end":{"line":33,"column":null}},"line":28}},"branchMap":{"0":{"loc":{"start":{"line":8,"column":2},"end":{"line":8,"column":null}},"type":"default-arg","locations":[{"start":{"line":8,"column":9},"end":{"line":8,"column":null}}],"line":8},"1":{"loc":{"start":{"line":9,"column":2},"end":{"line":9,"column":null}},"type":"default-arg","locations":[{"start":{"line":9,"column":21},"end":{"line":9,"column":null}}],"line":9},"2":{"loc":{"start":{"line":10,"column":2},"end":{"line":10,"column":null}},"type":"default-arg","locations":[{"start":{"line":10,"column":13},"end":{"line":10,"column":null}}],"line":10},"3":{"loc":{"start":{"line":11,"column":2},"end":{"line":11,"column":null}},"type":"default-arg","locations":[{"start":{"line":11,"column":14},"end":{"line":11,"column":null}}],"line":11},"4":{"loc":{"start":{"line":29,"column":4},"end":{"line":29,"column":null}},"type":"if","locations":[{"start":{"line":29,"column":4},"end":{"line":29,"column":null}},{"start":{},"end":{}}],"line":29},"5":{"loc":{"start":{"line":31,"column":4},"end":{"line":31,"column":null}},"type":"if","locations":[{"start":{"line":31,"column":4},"end":{"line":31,"column":null}},{"start":{},"end":{}}],"line":31},"6":{"loc":{"start":{"line":43,"column":9},"end":{"line":52,"column":null}},"type":"cond-expr","locations":[{"start":{"line":44,"column":10},"end":{"line":48,"column":null}},{"start":{"line":49,"column":12},"end":{"line":52,"column":null}}],"line":43},"7":{"loc":{"start":{"line":46,"column":17},"end":{"line":46,"column":null}},"type":"binary-expr","locations":[{"start":{"line":46,"column":17},"end":{"line":46,"column":24}},{"start":{"line":46,"column":24},"end":{"line":46,"column":32}},{"start":{"line":46,"column":32},"end":{"line":46,"column":null}}],"line":46},"8":{"loc":{"start":{"line":49,"column":12},"end":{"line":52,"column":null}},"type":"cond-expr","locations":[{"start":{"line":50,"column":10},"end":{"line":50,"column":null}},{"start":{"line":52,"column":10},"end":{"line":52,"column":null}}],"line":49},"9":{"loc":{"start":{"line":56,"column":7},"end":{"line":64,"column":null}},"type":"binary-expr","locations":[{"start":{"line":56,"column":7},"end":{"line":56,"column":null}},{"start":{"line":57,"column":8},"end":{"line":64,"column":null}}],"line":56},"10":{"loc":{"start":{"line":61,"column":12},"end":{"line":61,"column":null}},"type":"cond-expr","locations":[{"start":{"line":61,"column":23},"end":{"line":61,"column":40}},{"start":{"line":61,"column":40},"end":{"line":61,"column":null}}],"line":61},"11":{"loc":{"start":{"line":63,"column":22},"end":{"line":63,"column":null}},"type":"cond-expr","locations":[{"start":{"line":63,"column":33},"end":{"line":63,"column":44}},{"start":{"line":63,"column":44},"end":{"line":63,"column":null}}],"line":63}},"s":{"0":1,"1":0,"2":0,"3":0,"4":0,"5":0,"6":0,"7":0,"8":0,"9":0,"10":0},"f":{"0":0,"1":0},"b":{"0":[0],"1":[0],"2":[0],"3":[0],"4":[0,0],"5":[0,0],"6":[0,0],"7":[0,0,0],"8":[0,0],"9":[0,0],"10":[0,0],"11":[0,0]},"meta":{"lastBranch":12,"lastFunction":2,"lastStatement":11,"seen":{"s:4:15:68:Infinity":0,"f:4:15:4:16":0,"b:8:9:8:Infinity":0,"b:9:21:9:Infinity":1,"b:10:13:10:Infinity":2,"b:11:14:11:Infinity":3,"s:13:16:18:Infinity":1,"s:20:22:25:Infinity":2,"s:28:22:33:Infinity":3,"f:28:22:28:30":1,"b:29:4:29:Infinity:undefined:undefined:undefined:undefined":4,"s:29:4:29:Infinity":4,"s:29:15:29:Infinity":5,"s:30:18:30:Infinity":6,"b:31:4:31:Infinity:undefined:undefined:undefined:undefined":5,"s:31:4:31:Infinity":7,"s:31:28:31:Infinity":8,"s:32:4:32:Infinity":9,"s:35:2:66:Infinity":10,"b:44:10:48:Infinity:49:12:52:Infinity":6,"b:46:17:46:24:46:24:46:32:46:32:46:Infinity":7,"b:50:10:50:Infinity:52:10:52:Infinity":8,"b:56:7:56:Infinity:57:8:64:Infinity":9,"b:61:23:61:40:61:40:61:Infinity":10,"b:63:33:63:44:63:44:63:Infinity":11}}}
,"B:\\Innovation Project\\Railway Scan - Frontend\\src\\components\\atoms\\Badge.jsx": {"path":"B:\\Innovation Project\\Railway Scan - Frontend\\src\\components\\atoms\\Badge.jsx","statementMap":{"0":{"start":{"line":3,"column":14},"end":{"line":31,"column":null}},"1":{"start":{"line":4,"column":19},"end":{"line":10,"column":null}},"2":{"start":{"line":12,"column":16},"end":{"line":16,"column":null}},"3":{"start":{"line":18,"column":2},"end":{"line":29,"column":null}}},"fnMap":{"0":{"name":"(anonymous_0)","decl":{"start":{"line":3,"column":14},"end":{"line":3,"column":15}},"loc":{"start":{"line":3,"column":91},"end":{"line":31,"column":null}},"line":3}},"branchMap":{"0":{"loc":{"start":{"line":3,"column":27},"end":{"line":3,"column":45}},"type":"default-arg","locations":[{"start":{"line":3,"column":37},"end":{"line":3,"column":45}}],"line":3},"1":{"loc":{"start":{"line":3,"column":45},"end":{"line":3,"column":58}},"type":"default-arg","locations":[{"start":{"line":3,"column":52},"end":{"line":3,"column":58}}],"line":3},"2":{"loc":{"start":{"line":3,"column":70},"end":{"line":3,"column":85}},"type":"default-arg","locations":[{"start":{"line":3,"column":82},"end":{"line":3,"column":85}}],"line":3},"3":{"loc":{"start":{"line":27,"column":7},"end":{"line":27,"column":null}},"type":"binary-expr","locations":[{"start":{"line":27,"column":7},"end":{"line":27,"column":15}},{"start":{"line":27,"column":15},"end":{"line":27,"column":null}}],"line":27}},"s":{"0":1,"1":0,"2":0,"3":0},"f":{"0":0},"b":{"0":[0],"1":[0],"2":[0],"3":[0,0]},"meta":{"lastBranch":4,"lastFunction":1,"lastStatement":4,"seen":{"s:3:14:31:Infinity":0,"f:3:14:3:15":0,"b:3:37:3:45":0,"b:3:52:3:58":1,"b:3:82:3:85":2,"s:4:19:10:Infinity":1,"s:12:16:16:Infinity":2,"s:18:2:29:Infinity":3,"b:27:7:27:15:27:15:27:Infinity":3}}}
,"B:\\Innovation Project\\Railway Scan - Frontend\\src\\components\\atoms\\Button.jsx": {"path":"B:\\Innovation Project\\Railway Scan - Frontend\\src\\components\\atoms\\Button.jsx","statementMap":{"0":{"start":{"line":20,"column":15},"end":{"line":72,"column":null}},"1":{"start":{"line":31,"column":35},"end":{"line":31,"column":null}},"2":{"start":{"line":34,"column":4},"end":{"line":34,"column":null}},"3":{"start":{"line":37,"column":26},"end":{"line":48,"column":null}},"4":{"start":{"line":38,"column":20},"end":{"line":38,"column":null}},"5":{"start":{"line":39,"column":22},"end":{"line":39,"column":null}},"6":{"start":{"line":41,"column":4},"end":{"line":47,"column":null}},"7":{"start":{"line":50,"column":19},"end":{"line":50,"column":null}},"8":{"start":{"line":53,"column":16},"end":{"line":57,"column":null}},"9":{"start":{"line":59,"column":2},"end":{"line":70,"column":null}}},"fnMap":{"0":{"name":"(anonymous_0)","decl":{"start":{"line":20,"column":15},"end":{"line":20,"column":16}},"loc":{"start":{"line":30,"column":6},"end":{"line":72,"column":null}},"line":30},"1":{"name":"(anonymous_1)","decl":{"start":{"line":37,"column":26},"end":{"line":37,"column":32}},"loc":{"start":{"line":37,"column":32},"end":{"line":48,"column":null}},"line":37}},"branchMap":{"0":{"loc":{"start":{"line":22,"column":2},"end":{"line":22,"column":null}},"type":"default-arg","locations":[{"start":{"line":22,"column":12},"end":{"line":22,"column":null}}],"line":22},"1":{"loc":{"start":{"line":23,"column":2},"end":{"line":23,"column":null}},"type":"default-arg","locations":[{"start":{"line":23,"column":9},"end":{"line":23,"column":null}}],"line":23},"2":{"loc":{"start":{"line":24,"column":2},"end":{"line":24,"column":null}},"type":"default-arg","locations":[{"start":{"line":24,"column":12},"end":{"line":24,"column":null}}],"line":24},"3":{"loc":{"start":{"line":25,"column":2},"end":{"line":25,"column":null}},"type":"default-arg","locations":[{"start":{"line":25,"column":13},"end":{"line":25,"column":null}}],"line":25},"4":{"loc":{"start":{"line":26,"column":2},"end":{"line":26,"column":null}},"type":"default-arg","locations":[{"start":{"line":26,"column":9},"end":{"line":26,"column":null}}],"line":26},"5":{"loc":{"start":{"line":27,"column":2},"end":{"line":27,"column":null}},"type":"default-arg","locations":[{"start":{"line":27,"column":14},"end":{"line":27,"column":null}}],"line":27},"6":{"loc":{"start":{"line":38,"column":20},"end":{"line":38,"column":null}},"type":"binary-expr","locations":[{"start":{"line":38,"column":20},"end":{"line":38,"column":44}},{"start":{"line":38,"column":44},"end":{"line":38,"column":null}}],"line":38},"7":{"loc":{"start":{"line":39,"column":22},"end":{"line":39,"column":null}},"type":"binary-expr","locations":[{"start":{"line":39,"column":22},"end":{"line":39,"column":48}},{"start":{"line":39,"column":48},"end":{"line":39,"column":null}}],"line":39},"8":{"loc":{"start":{"line":54,"column":8},"end":{"line":54,"column":null}},"type":"cond-expr","locations":[{"start":{"line":54,"column":22},"end":{"line":54,"column":57}},{"start":{"line":54,"column":57},"end":{"line":54,"column":null}}],"line":54},"9":{"loc":{"start":{"line":55,"column":8},"end":{"line":55,"column":null}},"type":"cond-expr","locations":[{"start":{"line":55,"column":22},"end":{"line":55,"column":59}},{"start":{"line":55,"column":59},"end":{"line":55,"column":null}}],"line":55},"10":{"loc":{"start":{"line":56,"column":8},"end":{"line":56,"column":null}},"type":"cond-expr","locations":[{"start":{"line":56,"column":22},"end":{"line":56,"column":57}},{"start":{"line":56,"column":57},"end":{"line":56,"column":null}}],"line":56},"11":{"loc":{"start":{"line":62,"column":16},"end":{"line":62,"column":null}},"type":"binary-expr","locations":[{"start":{"line":62,"column":16},"end":{"line":62,"column":28}},{"start":{"line":62,"column":28},"end":{"line":62,"column":null}}],"line":62},"12":{"loc":{"start":{"line":68,"column":7},"end":{"line":68,"column":null}},"type":"binary-expr","locations":[{"start":{"line":68,"column":7},"end":{"line":68,"column":18}},{"start":{"line":68,"column":18},"end":{"line":68,"column":null}}],"line":68}},"s":{"0":2,"1":62,"2":62,"3":62,"4":62,"5":62,"6":62,"7":62,"8":62,"9":62},"f":{"0":62,"1":62},"b":{"0":[62],"1":[62],"2":[62],"3":[62],"4":[62],"5":[62],"6":[62,62],"7":[62,62],"8":[0,62],"9":[0,62],"10":[0,62],"11":[62,51],"12":[62,0]},"meta":{"lastBranch":13,"lastFunction":2,"lastStatement":10,"seen":{"s:20:15:72:Infinity":0,"f:20:15:20:16":0,"b:22:12:22:Infinity":0,"b:23:9:23:Infinity":1,"b:24:12:24:Infinity":2,"b:25:13:25:Infinity":3,"b:26:9:26:Infinity":4,"b:27:14:27:Infinity":5,"s:31:35:31:Infinity":1,"s:34:4:34:Infinity":2,"s:37:26:48:Infinity":3,"f:37:26:37:32":1,"s:38:20:38:Infinity":4,"b:38:20:38:44:38:44:38:Infinity":6,"s:39:22:39:Infinity":5,"b:39:22:39:48:39:48:39:Infinity":7,"s:41:4:47:Infinity":6,"s:50:19:50:Infinity":7,"s:53:16:57:Infinity":8,"b:54:22:54:57:54:57:54:Infinity":8,"b:55:22:55:59:55:59:55:Infinity":9,"b:56:22:56:57:56:57:56:Infinity":10,"s:59:2:70:Infinity":9,"b:62:16:62:28:62:28:62:Infinity":11,"b:68:7:68:18:68:18:68:Infinity":12}}}
,"B:\\Innovation Project\\Railway Scan - Frontend\\src\\components\\atoms\\Card.jsx": {"path":"B:\\Innovation Project\\Railway Scan - Frontend\\src\\components\\atoms\\Card.jsx","statementMap":{"0":{"start":{"line":15,"column":13},"end":{"line":71,"column":null}},"1":{"start":{"line":23,"column":22},"end":{"line":23,"column":null}},"2":{"start":{"line":25,"column":21},"end":{"line":25,"column":null}},"3":{"start":{"line":28,"column":25},"end":{"line":33,"column":null}},"4":{"start":{"line":29,"column":4},"end":{"line":29,"column":null}},"5":{"start":{"line":29,"column":20},"end":{"line":29,"column":null}},"6":{"start":{"line":31,"column":20},"end":{"line":31,"column":null}},"7":{"start":{"line":32,"column":4},"end":{"line":32,"column":null}},"8":{"start":{"line":35,"column":24},"end":{"line":40,"column":null}},"9":{"start":{"line":42,"column":28},"end":{"line":42,"column":null}},"10":{"start":{"line":44,"column":2},"end":{"line":69,"column":null}},"11":{"start":{"line":59,"column":14},"end":{"line":62,"column":null}},"12":{"start":{"line":60,"column":16},"end":{"line":60,"column":null}},"13":{"start":{"line":61,"column":16},"end":{"line":61,"column":null}}},"fnMap":{"0":{"name":"(anonymous_0)","decl":{"start":{"line":15,"column":13},"end":{"line":15,"column":14}},"loc":{"start":{"line":22,"column":6},"end":{"line":71,"column":null}},"line":22},"1":{"name":"(anonymous_1)","decl":{"start":{"line":28,"column":25},"end":{"line":28,"column":31}},"loc":{"start":{"line":28,"column":31},"end":{"line":33,"column":null}},"line":28},"2":{"name":"(anonymous_2)","decl":{"start":{"line":58,"column":12},"end":{"line":58,"column":17}},"loc":{"start":{"line":58,"column":17},"end":{"line":63,"column":null}},"line":58}},"branchMap":{"0":{"loc":{"start":{"line":17,"column":2},"end":{"line":17,"column":null}},"type":"default-arg","locations":[{"start":{"line":17,"column":14},"end":{"line":17,"column":null}}],"line":17},"1":{"loc":{"start":{"line":18,"column":2},"end":{"line":18,"column":null}},"type":"default-arg","locations":[{"start":{"line":18,"column":14},"end":{"line":18,"column":null}}],"line":18},"2":{"loc":{"start":{"line":20,"column":2},"end":{"line":20,"column":null}},"type":"default-arg","locations":[{"start":{"line":20,"column":12},"end":{"line":20,"column":null}}],"line":20},"3":{"loc":{"start":{"line":29,"column":4},"end":{"line":29,"column":null}},"type":"if","locations":[{"start":{"line":29,"column":4},"end":{"line":29,"column":null}},{"start":{},"end":{}}],"line":29},"4":{"loc":{"start":{"line":31,"column":20},"end":{"line":31,"column":null}},"type":"binary-expr","locations":[{"start":{"line":31,"column":20},"end":{"line":31,"column":44}},{"start":{"line":31,"column":44},"end":{"line":31,"column":null}}],"line":31},"5":{"loc":{"start":{"line":42,"column":28},"end":{"line":42,"column":null}},"type":"cond-expr","locations":[{"start":{"line":42,"column":38},"end":{"line":42,"column":93}},{"start":{"line":42,"column":93},"end":{"line":42,"column":null}}],"line":42},"6":{"loc":{"start":{"line":54,"column":12},"end":{"line":54,"column":null}},"type":"cond-expr","locations":[{"start":{"line":54,"column":22},"end":{"line":54,"column":33}},{"start":{"line":54,"column":33},"end":{"line":54,"column":null}}],"line":54},"7":{"loc":{"start":{"line":55,"column":16},"end":{"line":55,"column":null}},"type":"cond-expr","locations":[{"start":{"line":55,"column":26},"end":{"line":55,"column":30}},{"start":{"line":55,"column":30},"end":{"line":55,"column":null}}],"line":55},"8":{"loc":{"start":{"line":57,"column":8},"end":{"line":64,"column":null}},"type":"cond-expr","locations":[{"start":{"line":58,"column":12},"end":{"line":63,"column":null}},{"start":{"line":64,"column":12},"end":{"line":64,"column":null}}],"line":57},"9":{"loc":{"start":{"line":59,"column":14},"end":{"line":62,"column":null}},"type":"if","locations":[{"start":{"line":59,"column":14},"end":{"line":62,"column":null}},{"start":{},"end":{}}],"line":59},"10":{"loc":{"start":{"line":59,"column":18},"end":{"line":59,"column":54}},"type":"binary-expr","locations":[{"start":{"line":59,"column":18},"end":{"line":59,"column":39}},{"start":{"line":59,"column":39},"end":{"line":59,"column":54}}],"line":59}},"s":{"0":1,"1":0,"2":0,"3":0,"4":0,"5":0,"6":0,"7":0,"8":0,"9":0,"10":0,"11":0,"12":0,"13":0},"f":{"0":0,"1":0,"2":0},"b":{"0":[0],"1":[0],"2":[0],"3":[0,0],"4":[0,0],"5":[0,0],"6":[0,0],"7":[0,0],"8":[0,0],"9":[0,0],"10":[0,0]},"meta":{"lastBranch":11,"lastFunction":3,"lastStatement":14,"seen":{"s:15:13:71:Infinity":0,"f:15:13:15:14":0,"b:17:14:17:Infinity":0,"b:18:14:18:Infinity":1,"b:20:12:20:Infinity":2,"s:23:22:23:Infinity":1,"s:25:21:25:Infinity":2,"s:28:25:33:Infinity":3,"f:28:25:28:31":1,"b:29:4:29:Infinity:undefined:undefined:undefined:undefined":3,"s:29:4:29:Infinity":4,"s:29:20:29:Infinity":5,"s:31:20:31:Infinity":6,"b:31:20:31:44:31:44:31:Infinity":4,"s:32:4:32:Infinity":7,"s:35:24:40:Infinity":8,"s:42:28:42:Infinity":9,"b:42:38:42:93:42:93:42:Infinity":5,"s:44:2:69:Infinity":10,"b:54:22:54:33:54:33:54:Infinity":6,"b:55:26:55:30:55:30:55:Infinity":7,"b:58:12:63:Infinity:64:12:64:Infinity":8,"f:58:12:58:17":2,"b:59:14:62:Infinity:undefined:undefined:undefined:undefined":9,"s:59:14:62:Infinity":11,"b:59:18:59:39:59:39:59:54":10,"s:60:16:60:Infinity":12,"s:61:16:61:Infinity":13}}}
,"B:\\Innovation Project\\Railway Scan - Frontend\\src\\components\\atoms\\Checkbox.jsx": {"path":"B:\\Innovation Project\\Railway Scan - Frontend\\src\\components\\atoms\\Checkbox.jsx","statementMap":{"0":{"start":{"line":5,"column":6},"end":{"line":66,"column":null}},"1":{"start":{"line":10,"column":23},"end":{"line":10,"column":null}},"2":{"start":{"line":12,"column":4},"end":{"line":63,"column":null}},"3":{"start":{"line":36,"column":30},"end":{"line":36,"column":null}},"4":{"start":{"line":37,"column":16},"end":{"line":37,"column":null}},"5":{"start":{"line":68,"column":0},"end":{"line":68,"column":null}}},"fnMap":{"0":{"name":"(anonymous_0)","decl":{"start":{"line":6,"column":2},"end":{"line":6,"column":null}},"loc":{"start":{"line":9,"column":7},"end":{"line":65,"column":null}},"line":9},"1":{"name":"(anonymous_1)","decl":{"start":{"line":35,"column":23},"end":{"line":35,"column":29}},"loc":{"start":{"line":35,"column":29},"end":{"line":38,"column":null}},"line":35}},"branchMap":{"0":{"loc":{"start":{"line":7,"column":13},"end":{"line":7,"column":36}},"type":"default-arg","locations":[{"start":{"line":7,"column":29},"end":{"line":7,"column":36}}],"line":7},"1":{"loc":{"start":{"line":7,"column":43},"end":{"line":7,"column":59}},"type":"default-arg","locations":[{"start":{"line":7,"column":55},"end":{"line":7,"column":59}}],"line":7},"2":{"loc":{"start":{"line":7,"column":59},"end":{"line":7,"column":84}},"type":"default-arg","locations":[{"start":{"line":7,"column":80},"end":{"line":7,"column":84}}],"line":7},"3":{"loc":{"start":{"line":10,"column":23},"end":{"line":10,"column":null}},"type":"binary-expr","locations":[{"start":{"line":10,"column":23},"end":{"line":10,"column":29}},{"start":{"line":10,"column":29},"end":{"line":10,"column":null}}],"line":10},"4":{"loc":{"start":{"line":21,"column":28},"end":{"line":21,"column":null}},"type":"cond-expr","locations":[{"start":{"line":21,"column":36},"end":{"line":21,"column":45}},{"start":{"line":21,"column":45},"end":{"line":21,"column":null}}],"line":21},"5":{"loc":{"start":{"line":40,"column":15},"end":{"line":43,"column":null}},"type":"cond-expr","locations":[{"start":{"line":41,"column":16},"end":{"line":41,"column":null}},{"start":{"line":43,"column":16},"end":{"line":43,"column":null}}],"line":40},"6":{"loc":{"start":{"line":49,"column":9},"end":{"line":55,"column":null}},"type":"binary-expr","locations":[{"start":{"line":49,"column":9},"end":{"line":49,"column":null}},{"start":{"line":50,"column":10},"end":{"line":55,"column":null}}],"line":49},"7":{"loc":{"start":{"line":58,"column":9},"end":{"line":61,"column":null}},"type":"binary-expr","locations":[{"start":{"line":58,"column":9},"end":{"line":58,"column":null}},{"start":{"line":59,"column":10},"end":{"line":61,"column":null}}],"line":58}},"s":{"0":1,"1":4,"2":4,"3":0,"4":0,"5":1},"f":{"0":4,"1":0},"b":{"0":[4],"1":[4],"2":[4],"3":[4,4],"4":[0,4],"5":[0,4],"6":[4,0],"7":[4,0]},"meta":{"lastBranch":8,"lastFunction":2,"lastStatement":6,"seen":{"s:5:6:66:Infinity":0,"f:6:2:6:Infinity":0,"b:7:29:7:36":0,"b:7:55:7:59":1,"b:7:80:7:84":2,"s:10:23:10:Infinity":1,"b:10:23:10:29:10:29:10:Infinity":3,"s:12:4:63:Infinity":2,"b:21:36:21:45:21:45:21:Infinity":4,"f:35:23:35:29":1,"s:36:30:36:Infinity":3,"s:37:16:37:Infinity":4,"b:41:16:41:Infinity:43:16:43:Infinity":5,"b:49:9:49:Infinity:50:10:55:Infinity":6,"b:58:9:58:Infinity:59:10:61:Infinity":7,"s:68:0:68:Infinity":5}}}
,"B:\\Innovation Project\\Railway Scan - Frontend\\src\\components\\atoms\\Icon.jsx": {"path":"B:\\Innovation Project\\Railway Scan - Frontend\\src\\components\\atoms\\Icon.jsx","statementMap":{"0":{"start":{"line":3,"column":13},"end":{"line":37,"column":null}},"1":{"start":{"line":11,"column":16},"end":{"line":17,"column":null}},"2":{"start":{"line":19,"column":17},"end":{"line":27,"column":null}},"3":{"start":{"line":29,"column":2},"end":{"line":35,"column":null}}},"fnMap":{"0":{"name":"(anonymous_0)","decl":{"start":{"line":3,"column":13},"end":{"line":3,"column":14}},"loc":{"start":{"line":10,"column":6},"end":{"line":37,"column":null}},"line":10}},"branchMap":{"0":{"loc":{"start":{"line":5,"column":2},"end":{"line":5,"column":null}},"type":"default-arg","locations":[{"start":{"line":5,"column":9},"end":{"line":5,"column":null}}],"line":5},"1":{"loc":{"start":{"line":6,"column":2},"end":{"line":6,"column":null}},"type":"default-arg","locations":[{"start":{"line":6,"column":10},"end":{"line":6,"column":null}}],"line":6},"2":{"loc":{"start":{"line":7,"column":2},"end":{"line":7,"column":null}},"type":"default-arg","locations":[{"start":{"line":7,"column":14},"end":{"line":7,"column":null}}],"line":7}},"s":{"0":1,"1":0,"2":0,"3":0},"f":{"0":0},"b":{"0":[0],"1":[0],"2":[0]},"meta":{"lastBranch":3,"lastFunction":1,"lastStatement":4,"seen":{"s:3:13:37:Infinity":0,"f:3:13:3:14":0,"b:5:9:5:Infinity":0,"b:6:10:6:Infinity":1,"b:7:14:7:Infinity":2,"s:11:16:17:Infinity":1,"s:19:17:27:Infinity":2,"s:29:2:35:Infinity":3}}}
,"B:\\Innovation Project\\Railway Scan - Frontend\\src\\components\\atoms\\Input.jsx": {"path":"B:\\Innovation Project\\Railway Scan - Frontend\\src\\components\\atoms\\Input.jsx","statementMap":{"0":{"start":{"line":4,"column":6},"end":{"line":65,"column":null}},"1":{"start":{"line":19,"column":20},"end":{"line":19,"column":null}},"2":{"start":{"line":21,"column":10},"end":{"line":30,"column":null}},"3":{"start":{"line":32,"column":4},"end":{"line":62,"column":null}},"4":{"start":{"line":67,"column":0},"end":{"line":67,"column":null}}},"fnMap":{"0":{"name":"(anonymous_0)","decl":{"start":{"line":5,"column":2},"end":{"line":5,"column":null}},"loc":{"start":{"line":18,"column":7},"end":{"line":64,"column":null}},"line":18}},"branchMap":{"0":{"loc":{"start":{"line":8,"column":6},"end":{"line":8,"column":null}},"type":"default-arg","locations":[{"start":{"line":8,"column":13},"end":{"line":8,"column":null}}],"line":8},"1":{"loc":{"start":{"line":11,"column":6},"end":{"line":11,"column":null}},"type":"default-arg","locations":[{"start":{"line":11,"column":18},"end":{"line":11,"column":null}}],"line":11},"2":{"loc":{"start":{"line":12,"column":6},"end":{"line":12,"column":null}},"type":"default-arg","locations":[{"start":{"line":12,"column":27},"end":{"line":12,"column":null}}],"line":12},"3":{"loc":{"start":{"line":14,"column":6},"end":{"line":14,"column":null}},"type":"default-arg","locations":[{"start":{"line":14,"column":17},"end":{"line":14,"column":null}}],"line":14},"4":{"loc":{"start":{"line":19,"column":20},"end":{"line":19,"column":null}},"type":"binary-expr","locations":[{"start":{"line":19,"column":20},"end":{"line":19,"column":26}},{"start":{"line":19,"column":26},"end":{"line":19,"column":null}}],"line":19},"5":{"loc":{"start":{"line":34,"column":9},"end":{"line":38,"column":null}},"type":"binary-expr","locations":[{"start":{"line":34,"column":9},"end":{"line":34,"column":null}},{"start":{"line":35,"column":10},"end":{"line":38,"column":null}}],"line":34},"6":{"loc":{"start":{"line":37,"column":13},"end":{"line":37,"column":null}},"type":"binary-expr","locations":[{"start":{"line":37,"column":13},"end":{"line":37,"column":25}},{"start":{"line":37,"column":25},"end":{"line":37,"column":null}}],"line":37},"7":{"loc":{"start":{"line":46,"column":24},"end":{"line":46,"column":null}},"type":"cond-expr","locations":[{"start":{"line":46,"column":32},"end":{"line":46,"column":41}},{"start":{"line":46,"column":41},"end":{"line":46,"column":null}}],"line":46},"8":{"loc":{"start":{"line":47,"column":28},"end":{"line":47,"column":null}},"type":"cond-expr","locations":[{"start":{"line":47,"column":36},"end":{"line":47,"column":57}},{"start":{"line":47,"column":57},"end":{"line":47,"column":null}}],"line":47},"9":{"loc":{"start":{"line":47,"column":57},"end":{"line":47,"column":null}},"type":"cond-expr","locations":[{"start":{"line":47,"column":68},"end":{"line":47,"column":88}},{"start":{"line":47,"column":88},"end":{"line":47,"column":null}}],"line":47},"10":{"loc":{"start":{"line":51,"column":9},"end":{"line":54,"column":null}},"type":"binary-expr","locations":[{"start":{"line":51,"column":9},"end":{"line":51,"column":null}},{"start":{"line":52,"column":10},"end":{"line":54,"column":null}}],"line":51},"11":{"loc":{"start":{"line":57,"column":9},"end":{"line":60,"column":null}},"type":"binary-expr","locations":[{"start":{"line":57,"column":9},"end":{"line":57,"column":21}},{"start":{"line":57,"column":21},"end":{"line":57,"column":null}},{"start":{"line":58,"column":10},"end":{"line":60,"column":null}}],"line":57}},"s":{"0":2,"1":32,"2":32,"3":32,"4":2},"f":{"0":32},"b":{"0":[32],"1":[32],"2":[32],"3":[32],"4":[32,0],"5":[32,0],"6":[0,0],"7":[0,32],"8":[0,32],"9":[0,32],"10":[32,0],"11":[32,0,0]},"meta":{"lastBranch":12,"lastFunction":1,"lastStatement":5,"seen":{"s:4:6:65:Infinity":0,"f:5:2:5:Infinity":0,"b:8:13:8:Infinity":0,"b:11:18:11:Infinity":1,"b:12:27:12:Infinity":2,"b:14:17:14:Infinity":3,"s:19:20:19:Infinity":1,"b:19:20:19:26:19:26:19:Infinity":4,"s:21:10:30:Infinity":2,"s:32:4:62:Infinity":3,"b:34:9:34:Infinity:35:10:38:Infinity":5,"b:37:13:37:25:37:25:37:Infinity":6,"b:46:32:46:41:46:41:46:Infinity":7,"b:47:36:47:57:47:57:47:Infinity":8,"b:47:68:47:88:47:88:47:Infinity":9,"b:51:9:51:Infinity:52:10:54:Infinity":10,"b:57:9:57:21:57:21:57:Infinity:58:10:60:Infinity":11,"s:67:0:67:Infinity":4}}}
,"B:\\Innovation Project\\Railway Scan - Frontend\\src\\components\\atoms\\LoadingSpinner.jsx": {"path":"B:\\Innovation Project\\Railway Scan - Frontend\\src\\components\\atoms\\LoadingSpinner.jsx","statementMap":{"0":{"start":{"line":13,"column":23},"end":{"line":34,"column":null}},"1":{"start":{"line":14,"column":22},"end":{"line":14,"column":null}},"2":{"start":{"line":16,"column":22},"end":{"line":20,"column":null}},"3":{"start":{"line":22,"column":21},"end":{"line":22,"column":null}},"4":{"start":{"line":24,"column":2},"end":{"line":32,"column":null}}},"fnMap":{"0":{"name":"(anonymous_0)","decl":{"start":{"line":13,"column":23},"end":{"line":13,"column":24}},"loc":{"start":{"line":13,"column":55},"end":{"line":34,"column":null}},"line":13}},"branchMap":{"0":{"loc":{"start":{"line":13,"column":26},"end":{"line":13,"column":39}},"type":"default-arg","locations":[{"start":{"line":13,"column":33},"end":{"line":13,"column":39}}],"line":13},"1":{"loc":{"start":{"line":22,"column":21},"end":{"line":22,"column":null}},"type":"cond-expr","locations":[{"start":{"line":22,"column":44},"end":{"line":22,"column":76}},{"start":{"line":22,"column":76},"end":{"line":22,"column":null}}],"line":22}},"s":{"0":1,"1":0,"2":0,"3":0,"4":0},"f":{"0":0},"b":{"0":[0],"1":[0,0]},"meta":{"lastBranch":2,"lastFunction":1,"lastStatement":5,"seen":{"s:13:23:34:Infinity":0,"f:13:23:13:24":0,"b:13:33:13:39":0,"s:14:22:14:Infinity":1,"s:16:22:20:Infinity":2,"s:22:21:22:Infinity":3,"b:22:44:22:76:22:76:22:Infinity":1,"s:24:2:32:Infinity":4}}}
,"B:\\Innovation Project\\Railway Scan - Frontend\\src\\components\\atoms\\Radio.jsx": {"path":"B:\\Innovation Project\\Railway Scan - Frontend\\src\\components\\atoms\\Radio.jsx","statementMap":{"0":{"start":{"line":4,"column":6},"end":{"line":58,"column":null}},"1":{"start":{"line":6,"column":20},"end":{"line":6,"column":null}},"2":{"start":{"line":8,"column":4},"end":{"line":55,"column":null}},"3":{"start":{"line":32,"column":30},"end":{"line":32,"column":null}},"4":{"start":{"line":33,"column":16},"end":{"line":33,"column":null}},"5":{"start":{"line":60,"column":0},"end":{"line":60,"column":null}},"6":{"start":{"line":63,"column":26},"end":{"line":69,"column":null}},"7":{"start":{"line":64,"column":2},"end":{"line":67,"column":null}}},"fnMap":{"0":{"name":"(anonymous_0)","decl":{"start":{"line":5,"column":2},"end":{"line":5,"column":3}},"loc":{"start":{"line":5,"column":84},"end":{"line":57,"column":null}},"line":5},"1":{"name":"(anonymous_1)","decl":{"start":{"line":31,"column":23},"end":{"line":31,"column":29}},"loc":{"start":{"line":31,"column":29},"end":{"line":34,"column":null}},"line":31},"2":{"name":"(anonymous_2)","decl":{"start":{"line":63,"column":26},"end":{"line":63,"column":27}},"loc":{"start":{"line":63,"column":83},"end":{"line":69,"column":null}},"line":63}},"branchMap":{"0":{"loc":{"start":{"line":5,"column":19},"end":{"line":5,"column":35}},"type":"default-arg","locations":[{"start":{"line":5,"column":31},"end":{"line":5,"column":35}}],"line":5},"1":{"loc":{"start":{"line":5,"column":35},"end":{"line":5,"column":60}},"type":"default-arg","locations":[{"start":{"line":5,"column":56},"end":{"line":5,"column":60}}],"line":5},"2":{"loc":{"start":{"line":6,"column":20},"end":{"line":6,"column":null}},"type":"binary-expr","locations":[{"start":{"line":6,"column":20},"end":{"line":6,"column":26}},{"start":{"line":6,"column":26},"end":{"line":6,"column":null}}],"line":6},"3":{"loc":{"start":{"line":17,"column":28},"end":{"line":17,"column":null}},"type":"cond-expr","locations":[{"start":{"line":17,"column":36},"end":{"line":17,"column":45}},{"start":{"line":17,"column":45},"end":{"line":17,"column":null}}],"line":17},"4":{"loc":{"start":{"line":41,"column":9},"end":{"line":47,"column":null}},"type":"binary-expr","locations":[{"start":{"line":41,"column":9},"end":{"line":41,"column":null}},{"start":{"line":42,"column":10},"end":{"line":47,"column":null}}],"line":41},"5":{"loc":{"start":{"line":50,"column":9},"end":{"line":53,"column":null}},"type":"binary-expr","locations":[{"start":{"line":50,"column":9},"end":{"line":50,"column":null}},{"start":{"line":51,"column":10},"end":{"line":53,"column":null}}],"line":50},"6":{"loc":{"start":{"line":63,"column":62},"end":{"line":63,"column":77}},"type":"default-arg","locations":[{"start":{"line":63,"column":74},"end":{"line":63,"column":77}}],"line":63}},"s":{"0":1,"1":0,"2":0,"3":0,"4":0,"5":1,"6":1,"7":0},"f":{"0":0,"1":0,"2":0},"b":{"0":[0],"1":[0],"2":[0,0],"3":[0,0],"4":[0,0],"5":[0,0],"6":[0]},"meta":{"lastBranch":7,"lastFunction":3,"lastStatement":8,"seen":{"s:4:6:58:Infinity":0,"f:5:2:5:3":0,"b:5:31:5:35":0,"b:5:56:5:60":1,"s:6:20:6:Infinity":1,"b:6:20:6:26:6:26:6:Infinity":2,"s:8:4:55:Infinity":2,"b:17:36:17:45:17:45:17:Infinity":3,"f:31:23:31:29":1,"s:32:30:32:Infinity":3,"s:33:16:33:Infinity":4,"b:41:9:41:Infinity:42:10:47:Infinity":4,"b:50:9:50:Infinity:51:10:53:Infinity":5,"s:60:0:60:Infinity":5,"s:63:26:69:Infinity":6,"f:63:26:63:27":2,"b:63:74:63:77":6,"s:64:2:67:Infinity":7}}}
,"B:\\Innovation Project\\Railway Scan - Frontend\\src\\components\\atoms\\Select.jsx": {"path":"B:\\Innovation Project\\Railway Scan - Frontend\\src\\components\\atoms\\Select.jsx","statementMap":{"0":{"start":{"line":5,"column":6},"end":{"line":161,"column":null}},"1":{"start":{"line":24,"column":28},"end":{"line":24,"column":null}},"2":{"start":{"line":25,"column":36},"end":{"line":25,"column":null}},"3":{"start":{"line":26,"column":21},"end":{"line":26,"column":null}},"4":{"start":{"line":28,"column":28},"end":{"line":30,"column":null}},"5":{"start":{"line":29,"column":33},"end":{"line":29,"column":94}},"6":{"start":{"line":32,"column":27},"end":{"line":32,"column":null}},"7":{"start":{"line":32,"column":47},"end":{"line":32,"column":66}},"8":{"start":{"line":34,"column":25},"end":{"line":47,"column":null}},"9":{"start":{"line":35,"column":6},"end":{"line":44,"column":null}},"10":{"start":{"line":37,"column":22},"end":{"line":42,"column":null}},"11":{"start":{"line":43,"column":8},"end":{"line":43,"column":null}},"12":{"start":{"line":45,"column":6},"end":{"line":45,"column":null}},"13":{"start":{"line":46,"column":6},"end":{"line":46,"column":null}},"14":{"start":{"line":49,"column":26},"end":{"line":55,"column":null}},"15":{"start":{"line":50,"column":6},"end":{"line":54,"column":null}},"16":{"start":{"line":51,"column":8},"end":{"line":51,"column":null}},"17":{"start":{"line":52,"column":6},"end":{"line":54,"column":null}},"18":{"start":{"line":53,"column":8},"end":{"line":53,"column":null}},"19":{"start":{"line":57,"column":4},"end":{"line":158,"column":null}},"20":{"start":{"line":71,"column":27},"end":{"line":71,"column":null}},"21":{"start":{"line":109,"column":37},"end":{"line":109,"column":null}},"22":{"start":{"line":123,"column":20},"end":{"line":135,"column":null}},"23":{"start":{"line":127,"column":37},"end":{"line":127,"column":null}},"24":{"start":{"line":156,"column":61},"end":{"line":156,"column":79}},"25":{"start":{"line":163,"column":0},"end":{"line":163,"column":null}}},"fnMap":{"0":{"name":"(anonymous_0)","decl":{"start":{"line":6,"column":2},"end":{"line":6,"column":null}},"loc":{"start":{"line":23,"column":7},"end":{"line":160,"column":null}},"line":23},"1":{"name":"(anonymous_1)","decl":{"start":{"line":29,"column":23},"end":{"line":29,"column":33}},"loc":{"start":{"line":29,"column":33},"end":{"line":29,"column":94}},"line":29},"2":{"name":"(anonymous_2)","decl":{"start":{"line":32,"column":40},"end":{"line":32,"column":47}},"loc":{"start":{"line":32,"column":47},"end":{"line":32,"column":66}},"line":32},"3":{"name":"(anonymous_3)","decl":{"start":{"line":34,"column":25},"end":{"line":34,"column":35}},"loc":{"start":{"line":34,"column":35},"end":{"line":47,"column":null}},"line":34},"4":{"name":"(anonymous_4)","decl":{"start":{"line":49,"column":26},"end":{"line":49,"column":31}},"loc":{"start":{"line":49,"column":31},"end":{"line":55,"column":null}},"line":49},"5":{"name":"(anonymous_5)","decl":{"start":{"line":71,"column":21},"end":{"line":71,"column":27}},"loc":{"start":{"line":71,"column":27},"end":{"line":71,"column":null}},"line":71},"6":{"name":"(anonymous_6)","decl":{"start":{"line":109,"column":32},"end":{"line":109,"column":37}},"loc":{"start":{"line":109,"column":37},"end":{"line":109,"column":null}},"line":109},"7":{"name":"(anonymous_7)","decl":{"start":{"line":122,"column":38},"end":{"line":122,"column":null}},"loc":{"start":{"line":123,"column":20},"end":{"line":135,"column":null}},"line":123},"8":{"name":"(anonymous_8)","decl":{"start":{"line":127,"column":31},"end":{"line":127,"column":37}},"loc":{"start":{"line":127,"column":37},"end":{"line":127,"column":null}},"line":127},"9":{"name":"(anonymous_9)","decl":{"start":{"line":156,"column":55},"end":{"line":156,"column":61}},"loc":{"start":{"line":156,"column":61},"end":{"line":156,"column":79}},"line":156}},"branchMap":{"0":{"loc":{"start":{"line":9,"column":6},"end":{"line":9,"column":null}},"type":"default-arg","locations":[{"start":{"line":9,"column":16},"end":{"line":9,"column":null}}],"line":9},"1":{"loc":{"start":{"line":12,"column":6},"end":{"line":12,"column":null}},"type":"default-arg","locations":[{"start":{"line":12,"column":18},"end":{"line":12,"column":null}}],"line":12},"2":{"loc":{"start":{"line":13,"column":6},"end":{"line":13,"column":null}},"type":"default-arg","locations":[{"start":{"line":13,"column":27},"end":{"line":13,"column":null}}],"line":13},"3":{"loc":{"start":{"line":15,"column":6},"end":{"line":15,"column":null}},"type":"default-arg","locations":[{"start":{"line":15,"column":17},"end":{"line":15,"column":null}}],"line":15},"4":{"loc":{"start":{"line":16,"column":6},"end":{"line":16,"column":null}},"type":"default-arg","locations":[{"start":{"line":16,"column":19},"end":{"line":16,"column":null}}],"line":16},"5":{"loc":{"start":{"line":17,"column":6},"end":{"line":17,"column":null}},"type":"default-arg","locations":[{"start":{"line":17,"column":20},"end":{"line":17,"column":null}}],"line":17},"6":{"loc":{"start":{"line":26,"column":21},"end":{"line":26,"column":null}},"type":"binary-expr","locations":[{"start":{"line":26,"column":21},"end":{"line":26,"column":27}},{"start":{"line":26,"column":27},"end":{"line":26,"column":null}}],"line":26},"7":{"loc":{"start":{"line":28,"column":28},"end":{"line":30,"column":null}},"type":"cond-expr","locations":[{"start":{"line":29,"column":8},"end":{"line":29,"column":null}},{"start":{"line":30,"column":8},"end":{"line":30,"column":null}}],"line":28},"8":{"loc":{"start":{"line":35,"column":6},"end":{"line":44,"column":null}},"type":"if","locations":[{"start":{"line":35,"column":6},"end":{"line":44,"column":null}},{"start":{},"end":{}}],"line":35},"9":{"loc":{"start":{"line":39,"column":18},"end":{"line":39,"column":null}},"type":"binary-expr","locations":[{"start":{"line":39,"column":18},"end":{"line":39,"column":32}},{"start":{"line":39,"column":32},"end":{"line":39,"column":null}}],"line":39},"10":{"loc":{"start":{"line":50,"column":6},"end":{"line":54,"column":null}},"type":"if","locations":[{"start":{"line":50,"column":6},"end":{"line":54,"column":null}},{"start":{"line":52,"column":6},"end":{"line":54,"column":null}}],"line":50},"11":{"loc":{"start":{"line":52,"column":6},"end":{"line":54,"column":null}},"type":"if","locations":[{"start":{"line":52,"column":6},"end":{"line":54,"column":null}},{"start":{},"end":{}}],"line":52},"12":{"loc":{"start":{"line":52,"column":17},"end":{"line":52,"column":66}},"type":"binary-expr","locations":[{"start":{"line":52,"column":17},"end":{"line":52,"column":38}},{"start":{"line":52,"column":38},"end":{"line":52,"column":66}}],"line":52},"13":{"loc":{"start":{"line":59,"column":9},"end":{"line":63,"column":null}},"type":"binary-expr","locations":[{"start":{"line":59,"column":9},"end":{"line":59,"column":null}},{"start":{"line":60,"column":10},"end":{"line":63,"column":null}}],"line":59},"14":{"loc":{"start":{"line":62,"column":13},"end":{"line":62,"column":null}},"type":"binary-expr","locations":[{"start":{"line":62,"column":13},"end":{"line":62,"column":25}},{"start":{"line":62,"column":25},"end":{"line":62,"column":null}}],"line":62},"15":{"loc":{"start":{"line":85,"column":26},"end":{"line":85,"column":null}},"type":"cond-expr","locations":[{"start":{"line":85,"column":34},"end":{"line":85,"column":43}},{"start":{"line":85,"column":43},"end":{"line":85,"column":null}}],"line":85},"16":{"loc":{"start":{"line":88,"column":34},"end":{"line":88,"column":68}},"type":"binary-expr","locations":[{"start":{"line":88,"column":34},"end":{"line":88,"column":53}},{"start":{"line":88,"column":53},"end":{"line":88,"column":68}}],"line":88},"17":{"loc":{"start":{"line":89,"column":15},"end":{"line":89,"column":null}},"type":"binary-expr","locations":[{"start":{"line":89,"column":15},"end":{"line":89,"column":40}},{"start":{"line":89,"column":40},"end":{"line":89,"column":null}}],"line":89},"18":{"loc":{"start":{"line":94,"column":16},"end":{"line":94,"column":null}},"type":"binary-expr","locations":[{"start":{"line":94,"column":16},"end":{"line":94,"column":26}},{"start":{"line":94,"column":26},"end":{"line":94,"column":null}}],"line":94},"19":{"loc":{"start":{"line":99,"column":11},"end":{"line":139,"column":null}},"type":"binary-expr","locations":[{"start":{"line":99,"column":11},"end":{"line":99,"column":null}},{"start":{"line":100,"column":12},"end":{"line":139,"column":null}}],"line":99},"20":{"loc":{"start":{"line":101,"column":15},"end":{"line":115,"column":null}},"type":"binary-expr","locations":[{"start":{"line":101,"column":15},"end":{"line":101,"column":null}},{"start":{"line":102,"column":16},"end":{"line":115,"column":null}}],"line":101},"21":{"loc":{"start":{"line":119,"column":17},"end":{"line":136,"column":null}},"type":"cond-expr","locations":[{"start":{"line":120,"column":18},"end":{"line":120,"column":null}},{"start":{"line":122,"column":18},"end":{"line":136,"column":null}}],"line":119},"22":{"loc":{"start":{"line":131,"column":24},"end":{"line":131,"column":null}},"type":"binary-expr","locations":[{"start":{"line":131,"column":24},"end":{"line":131,"column":50}},{"start":{"line":131,"column":50},"end":{"line":131,"column":null}}],"line":131},"23":{"loc":{"start":{"line":143,"column":9},"end":{"line":146,"column":null}},"type":"binary-expr","locations":[{"start":{"line":143,"column":9},"end":{"line":143,"column":null}},{"start":{"line":144,"column":10},"end":{"line":146,"column":null}}],"line":143},"24":{"loc":{"start":{"line":149,"column":9},"end":{"line":152,"column":null}},"type":"binary-expr","locations":[{"start":{"line":149,"column":9},"end":{"line":149,"column":21}},{"start":{"line":149,"column":21},"end":{"line":149,"column":null}},{"start":{"line":150,"column":10},"end":{"line":152,"column":null}}],"line":149},"25":{"loc":{"start":{"line":155,"column":9},"end":{"line":156,"column":null}},"type":"binary-expr","locations":[{"start":{"line":155,"column":9},"end":{"line":155,"column":null}},{"start":{"line":156,"column":10},"end":{"line":156,"column":null}}],"line":155}},"s":{"0":2,"1":16,"2":16,"3":16,"4":16,"5":0,"6":16,"7":16,"8":16,"9":0,"10":0,"11":0,"12":0,"13":0,"14":16,"15":0,"16":0,"17":0,"18":0,"19":16,"20":0,"21":0,"22":0,"23":0,"24":0,"25":2},"f":{"0":16,"1":0,"2":16,"3":0,"4":0,"5":0,"6":0,"7":0,"8":0,"9":0},"b":{"0":[16],"1":[16],"2":[16],"3":[16],"4":[16],"5":[16],"6":[16,0],"7":[0,16],"8":[0,0],"9":[0,0],"10":[0,0],"11":[0,0],"12":[0,0],"13":[16,0],"14":[0,0],"15":[0,16],"16":[16,0],"17":[16,0],"18":[16,0],"19":[16,0],"20":[0,0],"21":[0,0],"22":[0,0],"23":[16,0],"24":[16,0,0],"25":[16,0]},"meta":{"lastBranch":26,"lastFunction":10,"lastStatement":26,"seen":{"s:5:6:161:Infinity":0,"f:6:2:6:Infinity":0,"b:9:16:9:Infinity":0,"b:12:18:12:Infinity":1,"b:13:27:13:Infinity":2,"b:15:17:15:Infinity":3,"b:16:19:16:Infinity":4,"b:17:20:17:Infinity":5,"s:24:28:24:Infinity":1,"s:25:36:25:Infinity":2,"s:26:21:26:Infinity":3,"b:26:21:26:27:26:27:26:Infinity":6,"s:28:28:30:Infinity":4,"b:29:8:29:Infinity:30:8:30:Infinity":7,"f:29:23:29:33":1,"s:29:33:29:94":5,"s:32:27:32:Infinity":6,"f:32:40:32:47":2,"s:32:47:32:66":7,"s:34:25:47:Infinity":8,"f:34:25:34:35":3,"b:35:6:44:Infinity:undefined:undefined:undefined:undefined":8,"s:35:6:44:Infinity":9,"s:37:22:42:Infinity":10,"b:39:18:39:32:39:32:39:Infinity":9,"s:43:8:43:Infinity":11,"s:45:6:45:Infinity":12,"s:46:6:46:Infinity":13,"s:49:26:55:Infinity":14,"f:49:26:49:31":4,"b:50:6:54:Infinity:52:6:54:Infinity":10,"s:50:6:54:Infinity":15,"s:51:8:51:Infinity":16,"b:52:6:54:Infinity:undefined:undefined:undefined:undefined":11,"s:52:6:54:Infinity":17,"b:52:17:52:38:52:38:52:66":12,"s:53:8:53:Infinity":18,"s:57:4:158:Infinity":19,"b:59:9:59:Infinity:60:10:63:Infinity":13,"b:62:13:62:25:62:25:62:Infinity":14,"f:71:21:71:27":5,"s:71:27:71:Infinity":20,"b:85:34:85:43:85:43:85:Infinity":15,"b:88:34:88:53:88:53:88:68":16,"b:89:15:89:40:89:40:89:Infinity":17,"b:94:16:94:26:94:26:94:Infinity":18,"b:99:11:99:Infinity:100:12:139:Infinity":19,"b:101:15:101:Infinity:102:16:115:Infinity":20,"f:109:32:109:37":6,"s:109:37:109:Infinity":21,"b:120:18:120:Infinity:122:18:136:Infinity":21,"f:122:38:122:Infinity":7,"s:123:20:135:Infinity":22,"f:127:31:127:37":8,"s:127:37:127:Infinity":23,"b:131:24:131:50:131:50:131:Infinity":22,"b:143:9:143:Infinity:144:10:146:Infinity":23,"b:149:9:149:21:149:21:149:Infinity:150:10:152:Infinity":24,"b:155:9:155:Infinity:156:10:156:Infinity":25,"f:156:55:156:61":9,"s:156:61:156:79":24,"s:163:0:163:Infinity":25}}}
,"B:\\Innovation Project\\Railway Scan - Frontend\\src\\components\\atoms\\SkipNav.jsx": {"path":"B:\\Innovation Project\\Railway Scan - Frontend\\src\\components\\atoms\\SkipNav.jsx","statementMap":{"0":{"start":{"line":6,"column":16},"end":{"line":15,"column":null}},"1":{"start":{"line":7,"column":2},"end":{"line":13,"column":null}}},"fnMap":{"0":{"name":"(anonymous_0)","decl":{"start":{"line":6,"column":16},"end":{"line":6,"column":22}},"loc":{"start":{"line":6,"column":22},"end":{"line":15,"column":null}},"line":6}},"branchMap":{},"s":{"0":2,"1":31},"f":{"0":31},"b":{},"meta":{"lastBranch":0,"lastFunction":1,"lastStatement":2,"seen":{"s:6:16:15:Infinity":0,"f:6:16:6:22":0,"s:7:2:13:Infinity":1}}}
,"B:\\Innovation Project\\Railway Scan - Frontend\\src\\components\\atoms\\Spinner.jsx": {"path":"B:\\Innovation Project\\Railway Scan - Frontend\\src\\components\\atoms\\Spinner.jsx","statementMap":{"0":{"start":{"line":4,"column":16},"end":{"line":38,"column":null}},"1":{"start":{"line":5,"column":16},"end":{"line":10,"column":null}},"2":{"start":{"line":12,"column":17},"end":{"line":18,"column":null}},"3":{"start":{"line":20,"column":19},"end":{"line":23,"column":null}},"4":{"start":{"line":26,"column":4},"end":{"line":30,"column":null}},"5":{"start":{"line":33,"column":2},"end":{"line":35,"column":null}},"6":{"start":{"line":34,"column":4},"end":{"line":34,"column":null}},"7":{"start":{"line":37,"column":2},"end":{"line":37,"column":null}}},"fnMap":{"0":{"name":"(anonymous_0)","decl":{"start":{"line":4,"column":16},"end":{"line":4,"column":17}},"loc":{"start":{"line":4,"column":89},"end":{"line":38,"column":null}},"line":4}},"branchMap":{"0":{"loc":{"start":{"line":4,"column":19},"end":{"line":4,"column":32}},"type":"default-arg","locations":[{"start":{"line":4,"column":26},"end":{"line":4,"column":32}}],"line":4},"1":{"loc":{"start":{"line":4,"column":32},"end":{"line":4,"column":48}},"type":"default-arg","locations":[{"start":{"line":4,"column":40},"end":{"line":4,"column":48}}],"line":4},"2":{"loc":{"start":{"line":4,"column":48},"end":{"line":4,"column":68}},"type":"default-arg","locations":[{"start":{"line":4,"column":58},"end":{"line":4,"column":68}}],"line":4},"3":{"loc":{"start":{"line":4,"column":68},"end":{"line":4,"column":83}},"type":"default-arg","locations":[{"start":{"line":4,"column":80},"end":{"line":4,"column":83}}],"line":4},"4":{"loc":{"start":{"line":33,"column":2},"end":{"line":35,"column":null}},"type":"if","locations":[{"start":{"line":33,"column":2},"end":{"line":35,"column":null}},{"start":{},"end":{}}],"line":33}},"s":{"0":1,"1":0,"2":0,"3":0,"4":0,"5":0,"6":0,"7":0},"f":{"0":0},"b":{"0":[0],"1":[0],"2":[0],"3":[0],"4":[0,0]},"meta":{"lastBranch":5,"lastFunction":1,"lastStatement":8,"seen":{"s:4:16:38:Infinity":0,"f:4:16:4:17":0,"b:4:26:4:32":0,"b:4:40:4:48":1,"b:4:58:4:68":2,"b:4:80:4:83":3,"s:5:16:10:Infinity":1,"s:12:17:18:Infinity":2,"s:20:19:23:Infinity":3,"s:26:4:30:Infinity":4,"b:33:2:35:Infinity:undefined:undefined:undefined:undefined":4,"s:33:2:35:Infinity":5,"s:34:4:34:Infinity":6,"s:37:2:37:Infinity":7}}}
,"B:\\Innovation Project\\Railway Scan - Frontend\\src\\components\\atoms\\Tooltip.jsx": {"path":"B:\\Innovation Project\\Railway Scan - Frontend\\src\\components\\atoms\\Tooltip.jsx","statementMap":{"0":{"start":{"line":4,"column":16},"end":{"line":81,"column":null}},"1":{"start":{"line":5,"column":32},"end":{"line":5,"column":null}},"2":{"start":{"line":6,"column":40},"end":{"line":6,"column":null}},"3":{"start":{"line":7,"column":8},"end":{"line":7,"column":null}},"4":{"start":{"line":8,"column":8},"end":{"line":8,"column":null}},"5":{"start":{"line":10,"column":2},"end":{"line":12,"column":null}},"6":{"start":{"line":11,"column":4},"end":{"line":11,"column":null}},"7":{"start":{"line":14,"column":22},"end":{"line":18,"column":null}},"8":{"start":{"line":15,"column":4},"end":{"line":17,"column":null}},"9":{"start":{"line":16,"column":6},"end":{"line":16,"column":null}},"10":{"start":{"line":20,"column":22},"end":{"line":25,"column":null}},"11":{"start":{"line":21,"column":4},"end":{"line":23,"column":null}},"12":{"start":{"line":22,"column":6},"end":{"line":22,"column":null}},"13":{"start":{"line":24,"column":4},"end":{"line":24,"column":null}},"14":{"start":{"line":27,"column":27},"end":{"line":31,"column":null}},"15":{"start":{"line":28,"column":4},"end":{"line":30,"column":null}},"16":{"start":{"line":29,"column":6},"end":{"line":29,"column":null}},"17":{"start":{"line":33,"column":20},"end":{"line":38,"column":null}},"18":{"start":{"line":40,"column":17},"end":{"line":45,"column":null}},"19":{"start":{"line":47,"column":2},"end":{"line":47,"column":null}},"20":{"start":{"line":47,"column":16},"end":{"line":47,"column":null}},"21":{"start":{"line":49,"column":2},"end":{"line":79,"column":null}}},"fnMap":{"0":{"name":"(anonymous_0)","decl":{"start":{"line":4,"column":16},"end":{"line":4,"column":17}},"loc":{"start":{"line":4,"column":90},"end":{"line":81,"column":null}},"line":4},"1":{"name":"(anonymous_1)","decl":{"start":{"line":10,"column":12},"end":{"line":10,"column":18}},"loc":{"start":{"line":10,"column":18},"end":{"line":12,"column":5}},"line":10},"2":{"name":"(anonymous_2)","decl":{"start":{"line":14,"column":22},"end":{"line":14,"column":28}},"loc":{"start":{"line":14,"column":28},"end":{"line":18,"column":null}},"line":14},"3":{"name":"(anonymous_3)","decl":{"start":{"line":15,"column":36},"end":{"line":15,"column":42}},"loc":{"start":{"line":15,"column":42},"end":{"line":17,"column":7}},"line":15},"4":{"name":"(anonymous_4)","decl":{"start":{"line":20,"column":22},"end":{"line":20,"column":28}},"loc":{"start":{"line":20,"column":28},"end":{"line":25,"column":null}},"line":20},"5":{"name":"(anonymous_5)","decl":{"start":{"line":27,"column":27},"end":{"line":27,"column":33}},"loc":{"start":{"line":27,"column":33},"end":{"line":31,"column":null}},"line":27}},"branchMap":{"0":{"loc":{"start":{"line":4,"column":38},"end":{"line":4,"column":56}},"type":"default-arg","locations":[{"start":{"line":4,"column":49},"end":{"line":4,"column":56}}],"line":4},"1":{"loc":{"start":{"line":4,"column":56},"end":{"line":4,"column":69}},"type":"default-arg","locations":[{"start":{"line":4,"column":64},"end":{"line":4,"column":69}}],"line":4},"2":{"loc":{"start":{"line":4,"column":69},"end":{"line":4,"column":84}},"type":"default-arg","locations":[{"start":{"line":4,"column":81},"end":{"line":4,"column":84}}],"line":4},"3":{"loc":{"start":{"line":21,"column":4},"end":{"line":23,"column":null}},"type":"if","locations":[{"start":{"line":21,"column":4},"end":{"line":23,"column":null}},{"start":{},"end":{}}],"line":21},"4":{"loc":{"start":{"line":28,"column":4},"end":{"line":30,"column":null}},"type":"if","locations":[{"start":{"line":28,"column":4},"end":{"line":30,"column":null}},{"start":{},"end":{}}],"line":28},"5":{"loc":{"start":{"line":47,"column":2},"end":{"line":47,"column":null}},"type":"if","locations":[{"start":{"line":47,"column":2},"end":{"line":47,"column":null}},{"start":{},"end":{}}],"line":47},"6":{"loc":{"start":{"line":62,"column":7},"end":{"line":77,"column":null}},"type":"binary-expr","locations":[{"start":{"line":62,"column":7},"end":{"line":62,"column":null}},{"start":{"line":63,"column":8},"end":{"line":77,"column":null}}],"line":62}},"s":{"0":1,"1":0,"2":0,"3":0,"4":0,"5":0,"6":0,"7":0,"8":0,"9":0,"10":0,"11":0,"12":0,"13":0,"14":0,"15":0,"16":0,"17":0,"18":0,"19":0,"20":0,"21":0},"f":{"0":0,"1":0,"2":0,"3":0,"4":0,"5":0},"b":{"0":[0],"1":[0],"2":[0],"3":[0,0],"4":[0,0],"5":[0,0],"6":[0,0]},"meta":{"lastBranch":7,"lastFunction":6,"lastStatement":22,"seen":{"s:4:16:81:Infinity":0,"f:4:16:4:17":0,"b:4:49:4:56":0,"b:4:64:4:69":1,"b:4:81:4:84":2,"s:5:32:5:Infinity":1,"s:6:40:6:Infinity":2,"s:7:8:7:Infinity":3,"s:8:8:8:Infinity":4,"s:10:2:12:Infinity":5,"f:10:12:10:18":1,"s:11:4:11:Infinity":6,"s:14:22:18:Infinity":7,"f:14:22:14:28":2,"s:15:4:17:Infinity":8,"f:15:36:15:42":3,"s:16:6:16:Infinity":9,"s:20:22:25:Infinity":10,"f:20:22:20:28":4,"b:21:4:23:Infinity:undefined:undefined:undefined:undefined":3,"s:21:4:23:Infinity":11,"s:22:6:22:Infinity":12,"s:24:4:24:Infinity":13,"s:27:27:31:Infinity":14,"f:27:27:27:33":5,"b:28:4:30:Infinity:undefined:undefined:undefined:undefined":4,"s:28:4:30:Infinity":15,"s:29:6:29:Infinity":16,"s:33:20:38:Infinity":17,"s:40:17:45:Infinity":18,"b:47:2:47:Infinity:undefined:undefined:undefined:undefined":5,"s:47:2:47:Infinity":19,"s:47:16:47:Infinity":20,"s:49:2:79:Infinity":21,"b:62:7:62:Infinity:63:8:77:Infinity":6}}}
,"B:\\Innovation Project\\Railway Scan - Frontend\\src\\components\\atoms\\index.js": {"path":"B:\\Innovation Project\\Railway Scan - Frontend\\src\\components\\atoms\\index.js","statementMap":{},"fnMap":{},"branchMap":{},"s":{},"f":{},"b":{},"meta":{"lastBranch":0,"lastFunction":0,"lastStatement":0,"seen":{}}}
,"B:\\Innovation Project\\Railway Scan - Frontend\\src\\components\\depot-officer\\DepotOfficerHeader.jsx": {"path":"B:\\Innovation Project\\Railway Scan - Frontend\\src\\components\\depot-officer\\DepotOfficerHeader.jsx","statementMap":{"0":{"start":{"line":5,"column":27},"end":{"line":107,"column":null}},"1":{"start":{"line":6,"column":15},"end":{"line":6,"column":null}},"2":{"start":{"line":7,"column":38},"end":{"line":7,"column":null}},"3":{"start":{"line":9,"column":2},"end":{"line":105,"column":null}},"4":{"start":{"line":45,"column":29},"end":{"line":45,"column":null}},"5":{"start":{"line":70,"column":33},"end":{"line":70,"column":null}},"6":{"start":{"line":91,"column":22},"end":{"line":91,"column":null}},"7":{"start":{"line":92,"column":22},"end":{"line":92,"column":null}}},"fnMap":{"0":{"name":"(anonymous_0)","decl":{"start":{"line":5,"column":27},"end":{"line":5,"column":28}},"loc":{"start":{"line":5,"column":48},"end":{"line":107,"column":null}},"line":5},"1":{"name":"(anonymous_1)","decl":{"start":{"line":45,"column":23},"end":{"line":45,"column":29}},"loc":{"start":{"line":45,"column":29},"end":{"line":45,"column":null}},"line":45},"2":{"name":"(anonymous_2)","decl":{"start":{"line":70,"column":27},"end":{"line":70,"column":33}},"loc":{"start":{"line":70,"column":33},"end":{"line":70,"column":null}},"line":70},"3":{"name":"(anonymous_3)","decl":{"start":{"line":90,"column":29},"end":{"line":90,"column":35}},"loc":{"start":{"line":90,"column":35},"end":{"line":93,"column":null}},"line":90}},"branchMap":{"0":{"loc":{"start":{"line":56,"column":19},"end":{"line":56,"column":null}},"type":"binary-expr","locations":[{"start":{"line":56,"column":19},"end":{"line":56,"column":44}},{"start":{"line":56,"column":44},"end":{"line":56,"column":null}}],"line":56},"1":{"loc":{"start":{"line":60,"column":17},"end":{"line":60,"column":null}},"type":"binary-expr","locations":[{"start":{"line":60,"column":17},"end":{"line":60,"column":31}},{"start":{"line":60,"column":31},"end":{"line":60,"column":null}}],"line":60},"2":{"loc":{"start":{"line":66,"column":13},"end":{"line":100,"column":null}},"type":"binary-expr","locations":[{"start":{"line":66,"column":13},"end":{"line":66,"column":null}},{"start":{"line":67,"column":14},"end":{"line":100,"column":null}}],"line":66}},"s":{"0":1,"1":13,"2":13,"3":13,"4":0,"5":0,"6":0,"7":0},"f":{"0":13,"1":0,"2":0,"3":0},"b":{"0":[13,0],"1":[13,0],"2":[13,0]},"meta":{"lastBranch":3,"lastFunction":4,"lastStatement":8,"seen":{"s:5:27:107:Infinity":0,"f:5:27:5:28":0,"s:6:15:6:Infinity":1,"s:7:38:7:Infinity":2,"s:9:2:105:Infinity":3,"f:45:23:45:29":1,"s:45:29:45:Infinity":4,"b:56:19:56:44:56:44:56:Infinity":0,"b:60:17:60:31:60:31:60:Infinity":1,"b:66:13:66:Infinity:67:14:100:Infinity":2,"f:70:27:70:33":2,"s:70:33:70:Infinity":5,"f:90:29:90:35":3,"s:91:22:91:Infinity":6,"s:92:22:92:Infinity":7}}}
,"B:\\Innovation Project\\Railway Scan - Frontend\\src\\components\\depot-officer\\DepotOfficerSidebar.jsx": {"path":"B:\\Innovation Project\\Railway Scan - Frontend\\src\\components\\depot-officer\\DepotOfficerSidebar.jsx","statementMap":{"0":{"start":{"line":16,"column":28},"end":{"line":139,"column":null}},"1":{"start":{"line":17,"column":15},"end":{"line":17,"column":null}},"2":{"start":{"line":19,"column":19},"end":{"line":52,"column":null}},"3":{"start":{"line":54,"column":2},"end":{"line":137,"column":null}},"4":{"start":{"line":99,"column":16},"end":{"line":116,"column":null}},"5":{"start":{"line":104,"column":43},"end":{"line":110,"column":null}}},"fnMap":{"0":{"name":"(anonymous_0)","decl":{"start":{"line":16,"column":28},"end":{"line":16,"column":29}},"loc":{"start":{"line":16,"column":53},"end":{"line":139,"column":null}},"line":16},"1":{"name":"(anonymous_1)","decl":{"start":{"line":98,"column":28},"end":{"line":98,"column":29}},"loc":{"start":{"line":99,"column":16},"end":{"line":116,"column":null}},"line":99},"2":{"name":"(anonymous_2)","decl":{"start":{"line":104,"column":31},"end":{"line":104,"column":32}},"loc":{"start":{"line":104,"column":43},"end":{"line":110,"column":null}},"line":104}},"branchMap":{"0":{"loc":{"start":{"line":57,"column":7},"end":{"line":58,"column":null}},"type":"binary-expr","locations":[{"start":{"line":57,"column":7},"end":{"line":57,"column":null}},{"start":{"line":58,"column":8},"end":{"line":58,"column":null}}],"line":57},"1":{"loc":{"start":{"line":67,"column":10},"end":{"line":67,"column":null}},"type":"cond-expr","locations":[{"start":{"line":67,"column":19},"end":{"line":67,"column":37}},{"start":{"line":67,"column":37},"end":{"line":67,"column":null}}],"line":67},"2":{"loc":{"start":{"line":109,"column":24},"end":{"line":109,"column":null}},"type":"cond-expr","locations":[{"start":{"line":109,"column":35},"end":{"line":109,"column":63}},{"start":{"line":109,"column":63},"end":{"line":109,"column":null}}],"line":109},"3":{"loc":{"start":{"line":122,"column":11},"end":{"line":133,"column":null}},"type":"binary-expr","locations":[{"start":{"line":122,"column":11},"end":{"line":122,"column":null}},{"start":{"line":123,"column":12},"end":{"line":133,"column":null}}],"line":122}},"s":{"0":1,"1":13,"2":13,"3":13,"4":84,"5":84},"f":{"0":13,"1":84,"2":84},"b":{"0":[13,0],"1":[0,12],"2":[12,72],"3":[13,12]},"meta":{"lastBranch":4,"lastFunction":3,"lastStatement":6,"seen":{"s:16:28:139:Infinity":0,"f:16:28:16:29":0,"s:17:15:17:Infinity":1,"s:19:19:52:Infinity":2,"s:54:2:137:Infinity":3,"b:57:7:57:Infinity:58:8:58:Infinity":0,"b:67:19:67:37:67:37:67:Infinity":1,"f:98:28:98:29":1,"s:99:16:116:Infinity":4,"f:104:31:104:32":2,"s:104:43:110:Infinity":5,"b:109:35:109:63:109:63:109:Infinity":2,"b:122:11:122:Infinity:123:12:133:Infinity":3}}}
,"B:\\Innovation Project\\Railway Scan - Frontend\\src\\components\\depot-officer\\widgets\\InspectionCompletionWidget.jsx": {"path":"B:\\Innovation Project\\Railway Scan - Frontend\\src\\components\\depot-officer\\widgets\\InspectionCompletionWidget.jsx","statementMap":{"0":{"start":{"line":4,"column":35},"end":{"line":74,"column":null}},"1":{"start":{"line":5,"column":24},"end":{"line":9,"column":null}},"2":{"start":{"line":10,"column":28},"end":{"line":10,"column":null}},"3":{"start":{"line":12,"column":2},"end":{"line":31,"column":null}},"4":{"start":{"line":13,"column":23},"end":{"line":28,"column":null}},"5":{"start":{"line":14,"column":6},"end":{"line":27,"column":null}},"6":{"start":{"line":15,"column":8},"end":{"line":15,"column":null}},"7":{"start":{"line":15,"column":37},"end":{"line":15,"column":61}},"8":{"start":{"line":16,"column":26},"end":{"line":16,"column":null}},"9":{"start":{"line":17,"column":22},"end":{"line":17,"column":null}},"10":{"start":{"line":18,"column":8},"end":{"line":22,"column":null}},"11":{"start":{"line":24,"column":8},"end":{"line":24,"column":null}},"12":{"start":{"line":26,"column":8},"end":{"line":26,"column":null}},"13":{"start":{"line":30,"column":4},"end":{"line":30,"column":null}},"14":{"start":{"line":33,"column":2},"end":{"line":42,"column":null}},"15":{"start":{"line":34,"column":4},"end":{"line":40,"column":null}},"16":{"start":{"line":44,"column":2},"end":{"line":72,"column":null}}},"fnMap":{"0":{"name":"(anonymous_0)","decl":{"start":{"line":4,"column":35},"end":{"line":4,"column":41}},"loc":{"start":{"line":4,"column":41},"end":{"line":74,"column":null}},"line":4},"1":{"name":"(anonymous_1)","decl":{"start":{"line":12,"column":12},"end":{"line":12,"column":18}},"loc":{"start":{"line":12,"column":18},"end":{"line":31,"column":5}},"line":12},"2":{"name":"(anonymous_2)","decl":{"start":{"line":13,"column":23},"end":{"line":13,"column":35}},"loc":{"start":{"line":13,"column":35},"end":{"line":28,"column":null}},"line":13},"3":{"name":"(anonymous_3)","decl":{"start":{"line":15,"column":26},"end":{"line":15,"column":37}},"loc":{"start":{"line":15,"column":37},"end":{"line":15,"column":61}},"line":15}},"branchMap":{"0":{"loc":{"start":{"line":33,"column":2},"end":{"line":42,"column":null}},"type":"if","locations":[{"start":{"line":33,"column":2},"end":{"line":42,"column":null}},{"start":{},"end":{}}],"line":33}},"s":{"0":1,"1":0,"2":0,"3":0,"4":0,"5":0,"6":0,"7":0,"8":0,"9":0,"10":0,"11":0,"12":0,"13":0,"14":0,"15":0,"16":0},"f":{"0":0,"1":0,"2":0,"3":0},"b":{"0":[0,0]},"meta":{"lastBranch":1,"lastFunction":4,"lastStatement":17,"seen":{"s:4:35:74:Infinity":0,"f:4:35:4:41":0,"s:5:24:9:Infinity":1,"s:10:28:10:Infinity":2,"s:12:2:31:Infinity":3,"f:12:12:12:18":1,"s:13:23:28:Infinity":4,"f:13:23:13:35":2,"s:14:6:27:Infinity":5,"s:15:8:15:Infinity":6,"f:15:26:15:37":3,"s:15:37:15:61":7,"s:16:26:16:Infinity":8,"s:17:22:17:Infinity":9,"s:18:8:22:Infinity":10,"s:24:8:24:Infinity":11,"s:26:8:26:Infinity":12,"s:30:4:30:Infinity":13,"b:33:2:42:Infinity:undefined:undefined:undefined:undefined":0,"s:33:2:42:Infinity":14,"s:34:4:40:Infinity":15,"s:44:2:72:Infinity":16}}}
,"B:\\Innovation Project\\Railway Scan - Frontend\\src\\components\\depot-officer\\widgets\\InventoryStatusWidget.jsx": {"path":"B:\\Innovation Project\\Railway Scan - Frontend\\src\\components\\depot-officer\\widgets\\InventoryStatusWidget.jsx","statementMap":{"0":{"start":{"line":5,"column":30},"end":{"line":83,"column":null}},"1":{"start":{"line":6,"column":8},"end":{"line":6,"column":null}},"2":{"start":{"line":7,"column":32},"end":{"line":11,"column":null}},"3":{"start":{"line":12,"column":28},"end":{"line":12,"column":null}},"4":{"start":{"line":14,"column":2},"end":{"line":31,"column":null}},"5":{"start":{"line":15,"column":27},"end":{"line":28,"column":null}},"6":{"start":{"line":16,"column":6},"end":{"line":27,"column":null}},"7":{"start":{"line":17,"column":8},"end":{"line":17,"column":null}},"8":{"start":{"line":17,"column":37},"end":{"line":17,"column":61}},"9":{"start":{"line":18,"column":8},"end":{"line":22,"column":null}},"10":{"start":{"line":24,"column":8},"end":{"line":24,"column":null}},"11":{"start":{"line":26,"column":8},"end":{"line":26,"column":null}},"12":{"start":{"line":30,"column":4},"end":{"line":30,"column":null}},"13":{"start":{"line":33,"column":2},"end":{"line":45,"column":null}},"14":{"start":{"line":34,"column":4},"end":{"line":43,"column":null}},"15":{"start":{"line":47,"column":2},"end":{"line":81,"column":null}},"16":{"start":{"line":49,"column":21},"end":{"line":49,"column":null}}},"fnMap":{"0":{"name":"(anonymous_0)","decl":{"start":{"line":5,"column":30},"end":{"line":5,"column":36}},"loc":{"start":{"line":5,"column":36},"end":{"line":83,"column":null}},"line":5},"1":{"name":"(anonymous_1)","decl":{"start":{"line":14,"column":12},"end":{"line":14,"column":18}},"loc":{"start":{"line":14,"column":18},"end":{"line":31,"column":5}},"line":14},"2":{"name":"(anonymous_2)","decl":{"start":{"line":15,"column":27},"end":{"line":15,"column":39}},"loc":{"start":{"line":15,"column":39},"end":{"line":28,"column":null}},"line":15},"3":{"name":"(anonymous_3)","decl":{"start":{"line":17,"column":26},"end":{"line":17,"column":37}},"loc":{"start":{"line":17,"column":37},"end":{"line":17,"column":61}},"line":17},"4":{"name":"(anonymous_4)","decl":{"start":{"line":49,"column":15},"end":{"line":49,"column":21}},"loc":{"start":{"line":49,"column":21},"end":{"line":49,"column":null}},"line":49}},"branchMap":{"0":{"loc":{"start":{"line":33,"column":2},"end":{"line":45,"column":null}},"type":"if","locations":[{"start":{"line":33,"column":2},"end":{"line":45,"column":null}},{"start":{},"end":{}}],"line":33},"1":{"loc":{"start":{"line":72,"column":8},"end":{"line":78,"column":null}},"type":"binary-expr","locations":[{"start":{"line":74,"column":10},"end":{"line":74,"column":36}},{"start":{"line":74,"column":36},"end":{"line":74,"column":null}},{"start":{"line":75,"column":10},"end":{"line":78,"column":null}}],"line":72}},"s":{"0":1,"1":0,"2":0,"3":0,"4":0,"5":0,"6":0,"7":0,"8":0,"9":0,"10":0,"11":0,"12":0,"13":0,"14":0,"15":0,"16":0},"f":{"0":0,"1":0,"2":0,"3":0,"4":0},"b":{"0":[0,0],"1":[0,0,0]},"meta":{"lastBranch":2,"lastFunction":5,"lastStatement":17,"seen":{"s:5:30:83:Infinity":0,"f:5:30:5:36":0,"s:6:8:6:Infinity":1,"s:7:32:11:Infinity":2,"s:12:28:12:Infinity":3,"s:14:2:31:Infinity":4,"f:14:12:14:18":1,"s:15:27:28:Infinity":5,"f:15:27:15:39":2,"s:16:6:27:Infinity":6,"s:17:8:17:Infinity":7,"f:17:26:17:37":3,"s:17:37:17:61":8,"s:18:8:22:Infinity":9,"s:24:8:24:Infinity":10,"s:26:8:26:Infinity":11,"s:30:4:30:Infinity":12,"b:33:2:45:Infinity:undefined:undefined:undefined:undefined":0,"s:33:2:45:Infinity":13,"s:34:4:43:Infinity":14,"s:47:2:81:Infinity":15,"f:49:15:49:21":4,"s:49:21:49:Infinity":16,"b:74:10:74:36:74:36:74:Infinity:75:10:78:Infinity":1}}}
,"B:\\Innovation Project\\Railway Scan - Frontend\\src\\components\\depot-officer\\widgets\\PendingApprovalsWidget.jsx": {"path":"B:\\Innovation Project\\Railway Scan - Frontend\\src\\components\\depot-officer\\widgets\\PendingApprovalsWidget.jsx","statementMap":{"0":{"start":{"line":5,"column":31},"end":{"line":61,"column":null}},"1":{"start":{"line":6,"column":8},"end":{"line":6,"column":null}},"2":{"start":{"line":7,"column":38},"end":{"line":7,"column":null}},"3":{"start":{"line":8,"column":36},"end":{"line":8,"column":null}},"4":{"start":{"line":9,"column":28},"end":{"line":9,"column":null}},"5":{"start":{"line":11,"column":2},"end":{"line":25,"column":null}},"6":{"start":{"line":12,"column":23},"end":{"line":22,"column":null}},"7":{"start":{"line":13,"column":6},"end":{"line":21,"column":null}},"8":{"start":{"line":14,"column":8},"end":{"line":14,"column":null}},"9":{"start":{"line":14,"column":37},"end":{"line":14,"column":61}},"10":{"start":{"line":15,"column":8},"end":{"line":15,"column":null}},"11":{"start":{"line":16,"column":8},"end":{"line":16,"column":null}},"12":{"start":{"line":18,"column":8},"end":{"line":18,"column":null}},"13":{"start":{"line":20,"column":8},"end":{"line":20,"column":null}},"14":{"start":{"line":24,"column":4},"end":{"line":24,"column":null}},"15":{"start":{"line":27,"column":2},"end":{"line":36,"column":null}},"16":{"start":{"line":28,"column":4},"end":{"line":34,"column":null}},"17":{"start":{"line":38,"column":2},"end":{"line":59,"column":null}},"18":{"start":{"line":40,"column":21},"end":{"line":40,"column":null}}},"fnMap":{"0":{"name":"(anonymous_0)","decl":{"start":{"line":5,"column":31},"end":{"line":5,"column":37}},"loc":{"start":{"line":5,"column":37},"end":{"line":61,"column":null}},"line":5},"1":{"name":"(anonymous_1)","decl":{"start":{"line":11,"column":12},"end":{"line":11,"column":18}},"loc":{"start":{"line":11,"column":18},"end":{"line":25,"column":5}},"line":11},"2":{"name":"(anonymous_2)","decl":{"start":{"line":12,"column":23},"end":{"line":12,"column":35}},"loc":{"start":{"line":12,"column":35},"end":{"line":22,"column":null}},"line":12},"3":{"name":"(anonymous_3)","decl":{"start":{"line":14,"column":26},"end":{"line":14,"column":37}},"loc":{"start":{"line":14,"column":37},"end":{"line":14,"column":61}},"line":14},"4":{"name":"(anonymous_4)","decl":{"start":{"line":40,"column":15},"end":{"line":40,"column":21}},"loc":{"start":{"line":40,"column":21},"end":{"line":40,"column":null}},"line":40}},"branchMap":{"0":{"loc":{"start":{"line":27,"column":2},"end":{"line":36,"column":null}},"type":"if","locations":[{"start":{"line":27,"column":2},"end":{"line":36,"column":null}},{"start":{},"end":{}}],"line":27},"1":{"loc":{"start":{"line":53,"column":7},"end":{"line":57,"column":null}},"type":"binary-expr","locations":[{"start":{"line":53,"column":7},"end":{"line":53,"column":null}},{"start":{"line":54,"column":8},"end":{"line":57,"column":null}}],"line":53}},"s":{"0":1,"1":0,"2":0,"3":0,"4":0,"5":0,"6":0,"7":0,"8":0,"9":0,"10":0,"11":0,"12":0,"13":0,"14":0,"15":0,"16":0,"17":0,"18":0},"f":{"0":0,"1":0,"2":0,"3":0,"4":0},"b":{"0":[0,0],"1":[0,0]},"meta":{"lastBranch":2,"lastFunction":5,"lastStatement":19,"seen":{"s:5:31:61:Infinity":0,"f:5:31:5:37":0,"s:6:8:6:Infinity":1,"s:7:38:7:Infinity":2,"s:8:36:8:Infinity":3,"s:9:28:9:Infinity":4,"s:11:2:25:Infinity":5,"f:11:12:11:18":1,"s:12:23:22:Infinity":6,"f:12:23:12:35":2,"s:13:6:21:Infinity":7,"s:14:8:14:Infinity":8,"f:14:26:14:37":3,"s:14:37:14:61":9,"s:15:8:15:Infinity":10,"s:16:8:16:Infinity":11,"s:18:8:18:Infinity":12,"s:20:8:20:Infinity":13,"s:24:4:24:Infinity":14,"b:27:2:36:Infinity:undefined:undefined:undefined:undefined":0,"s:27:2:36:Infinity":15,"s:28:4:34:Infinity":16,"s:38:2:59:Infinity":17,"f:40:15:40:21":4,"s:40:21:40:Infinity":18,"b:53:7:53:Infinity:54:8:57:Infinity":1}}}
,"B:\\Innovation Project\\Railway Scan - Frontend\\src\\components\\depot-officer\\widgets\\QRGenerationStatsWidget.jsx": {"path":"B:\\Innovation Project\\Railway Scan - Frontend\\src\\components\\depot-officer\\widgets\\QRGenerationStatsWidget.jsx","statementMap":{"0":{"start":{"line":4,"column":32},"end":{"line":65,"column":null}},"1":{"start":{"line":5,"column":24},"end":{"line":9,"column":null}},"2":{"start":{"line":10,"column":28},"end":{"line":10,"column":null}},"3":{"start":{"line":12,"column":2},"end":{"line":29,"column":null}},"4":{"start":{"line":13,"column":23},"end":{"line":26,"column":null}},"5":{"start":{"line":14,"column":6},"end":{"line":25,"column":null}},"6":{"start":{"line":15,"column":8},"end":{"line":15,"column":null}},"7":{"start":{"line":15,"column":37},"end":{"line":15,"column":61}},"8":{"start":{"line":16,"column":8},"end":{"line":20,"column":null}},"9":{"start":{"line":22,"column":8},"end":{"line":22,"column":null}},"10":{"start":{"line":24,"column":8},"end":{"line":24,"column":null}},"11":{"start":{"line":28,"column":4},"end":{"line":28,"column":null}},"12":{"start":{"line":31,"column":2},"end":{"line":40,"column":null}},"13":{"start":{"line":32,"column":4},"end":{"line":38,"column":null}},"14":{"start":{"line":42,"column":2},"end":{"line":63,"column":null}}},"fnMap":{"0":{"name":"(anonymous_0)","decl":{"start":{"line":4,"column":32},"end":{"line":4,"column":38}},"loc":{"start":{"line":4,"column":38},"end":{"line":65,"column":null}},"line":4},"1":{"name":"(anonymous_1)","decl":{"start":{"line":12,"column":12},"end":{"line":12,"column":18}},"loc":{"start":{"line":12,"column":18},"end":{"line":29,"column":5}},"line":12},"2":{"name":"(anonymous_2)","decl":{"start":{"line":13,"column":23},"end":{"line":13,"column":35}},"loc":{"start":{"line":13,"column":35},"end":{"line":26,"column":null}},"line":13},"3":{"name":"(anonymous_3)","decl":{"start":{"line":15,"column":26},"end":{"line":15,"column":37}},"loc":{"start":{"line":15,"column":37},"end":{"line":15,"column":61}},"line":15}},"branchMap":{"0":{"loc":{"start":{"line":31,"column":2},"end":{"line":40,"column":null}},"type":"if","locations":[{"start":{"line":31,"column":2},"end":{"line":40,"column":null}},{"start":{},"end":{}}],"line":31},"1":{"loc":{"start":{"line":56,"column":48},"end":{"line":56,"column":111}},"type":"cond-expr","locations":[{"start":{"line":56,"column":78},"end":{"line":56,"column":97}},{"start":{"line":56,"column":97},"end":{"line":56,"column":111}}],"line":56}},"s":{"0":1,"1":0,"2":0,"3":0,"4":0,"5":0,"6":0,"7":0,"8":0,"9":0,"10":0,"11":0,"12":0,"13":0,"14":0},"f":{"0":0,"1":0,"2":0,"3":0},"b":{"0":[0,0],"1":[0,0]},"meta":{"lastBranch":2,"lastFunction":4,"lastStatement":15,"seen":{"s:4:32:65:Infinity":0,"f:4:32:4:38":0,"s:5:24:9:Infinity":1,"s:10:28:10:Infinity":2,"s:12:2:29:Infinity":3,"f:12:12:12:18":1,"s:13:23:26:Infinity":4,"f:13:23:13:35":2,"s:14:6:25:Infinity":5,"s:15:8:15:Infinity":6,"f:15:26:15:37":3,"s:15:37:15:61":7,"s:16:8:20:Infinity":8,"s:22:8:22:Infinity":9,"s:24:8:24:Infinity":10,"s:28:4:28:Infinity":11,"b:31:2:40:Infinity:undefined:undefined:undefined:undefined":0,"s:31:2:40:Infinity":12,"s:32:4:38:Infinity":13,"s:42:2:63:Infinity":14,"b:56:78:56:97:56:97:56:111":1}}}
[...]
,"B:\\Innovation Project\\Railway Scan - Frontend\\src\\utils\\preloadRoleAssets.js": {"path":"B:\\Innovation Project\\Railway Scan - Frontend\\src\\utils\\preloadRoleAssets.js","statementMap":{"0":{"start":{"line":11,"column":33},"end":{"line":61,"column":null}},"1":{"start":{"line":12,"column":2},"end":{"line":15,"column":null}},"2":{"start":{"line":13,"column":4},"end":{"line":13,"column":null}},"3":{"start":{"line":14,"column":4},"end":{"line":14,"column":null}},"4":{"start":{"line":17,"column":2},"end":{"line":60,"column":null}},"5":{"start":{"line":20,"column":6},"end":{"line":22,"column":null}},"6":{"start":{"line":21,"column":8},"end":{"line":21,"column":null}},"7":{"start":{"line":23,"column":6},"end":{"line":25,"column":null}},"8":{"start":{"line":24,"column":8},"end":{"line":24,"column":null}},"9":{"start":{"line":26,"column":6},"end":{"line":26,"column":null}},"10":{"start":{"line":30,"column":6},"end":{"line":32,"column":null}},"11":{"start":{"line":31,"column":8},"end":{"line":31,"column":null}},"12":{"start":{"line":33,"column":6},"end":{"line":35,"column":null}},"13":{"start":{"line":34,"column":8},"end":{"line":34,"column":null}},"14":{"start":{"line":36,"column":6},"end":{"line":36,"column":null}},"15":{"start":{"line":40,"column":6},"end":{"line":42,"column":null}},"16":{"start":{"line":41,"column":8},"end":{"line":41,"column":null}},"17":{"start":{"line":43,"column":6},"end":{"line":45,"column":null}},"18":{"start":{"line":44,"column":8},"end":{"line":44,"column":null}},"19":{"start":{"line":46,"column":6},"end":{"line":46,"column":null}},"20":{"start":{"line":50,"column":6},"end":{"line":52,"column":null}},"21":{"start":{"line":51,"column":8},"end":{"line":51,"column":null}},"22":{"start":{"line":53,"column":6},"end":{"line":55,"column":null}},"23":{"start":{"line":54,"column":8},"end":{"line":54,"column":null}},"24":{"start":{"line":56,"column":6},"end":{"line":56,"column":null}},"25":{"start":{"line":59,"column":6},"end":{"line":59,"column":null}}},"fnMap":{"0":{"name":"(anonymous_0)","decl":{"start":{"line":11,"column":33},"end":{"line":11,"column":37}},"loc":{"start":{"line":11,"column":41},"end":{"line":61,"column":null}},"line":11},"1":{"name":"(anonymous_1)","decl":{"start":{"line":20,"column":54},"end":{"line":20,"column":57}},"loc":{"start":{"line":21,"column":8},"end":{"line":21,"column":null}},"line":21},"2":{"name":"(anonymous_2)","decl":{"start":{"line":23,"column":70},"end":{"line":23,"column":73}},"loc":{"start":{"line":24,"column":8},"end":{"line":24,"column":null}},"line":24},"3":{"name":"(anonymous_3)","decl":{"start":{"line":30,"column":57},"end":{"line":30,"column":60}},"loc":{"start":{"line":31,"column":8},"end":{"line":31,"column":null}},"line":31},"4":{"name":"(anonymous_4)","decl":{"start":{"line":33,"column":77},"end":{"line":33,"column":80}},"loc":{"start":{"line":34,"column":8},"end":{"line":34,"column":null}},"line":34},"5":{"name":"(anonymous_5)","decl":{"start":{"line":40,"column":57},"end":{"line":40,"column":60}},"loc":{"start":{"line":41,"column":8},"end":{"line":41,"column":null}},"line":41},"6":{"name":"(anonymous_6)","decl":{"start":{"line":43,"column":77},"end":{"line":43,"column":80}},"loc":{"start":{"line":44,"column":8},"end":{"line":44,"column":null}},"line":44},"7":{"name":"(anonymous_7)","decl":{"start":{"line":50,"column":50},"end":{"line":50,"column":53}},"loc":{"start":{"line":51,"column":8},"end":{"line":51,"column":null}},"line":51},"8":{"name":"(anonymous_8)","decl":{"start":{"line":53,"column":62},"end":{"line":53,"column":65}},"loc":{"start":{"line":54,"column":8},"end":{"line":54,"column":null}},"line":54}},"branchMap":{"0":{"loc":{"start":{"line":12,"column":2},"end":{"line":15,"column":null}},"type":"if","locations":[{"start":{"line":12,"column":2},"end":{"line":15,"column":null}},{"start":{},"end":{}}],"line":12},"1":{"loc":{"start":{"line":17,"column":2},"end":{"line":60,"column":null}},"type":"switch","locations":[{"start":{"line":18,"column":4},"end":{"line":26,"column":null}},{"start":{"line":28,"column":4},"end":{"line":36,"column":null}},{"start":{"line":38,"column":4},"end":{"line":46,"column":null}},{"start":{"line":48,"column":4},"end":{"line":56,"column":null}},{"start":{"line":58,"column":4},"end":{"line":59,"column":null}}],"line":17}},"s":{"0":7,"1":43,"2":0,"3":0,"4":43,"5":18,"6":0,"7":18,"8":0,"9":18,"10":11,"11":0,"12":11,"13":0,"14":11,"15":8,"16":0,"17":8,"18":0,"19":8,"20":6,"21":0,"22":6,"23":0,"24":6,"25":0},"f":{"0":43,"1":0,"2":0,"3":0,"4":0,"5":0,"6":0,"7":0,"8":0},"b":{"0":[0,43],"1":[18,11,8,6,0]},"meta":{"lastBranch":2,"lastFunction":9,"lastStatement":26,"seen":{"s:11:33:61:Infinity":0,"f:11:33:11:37":0,"b:12:2:15:Infinity:undefined:undefined:undefined:undefined":0,"s:12:2:15:Infinity":1,"s:13:4:13:Infinity":2,"s:14:4:14:Infinity":3,"b:18:4:26:Infinity:28:4:36:Infinity:38:4:46:Infinity:48:4:56:Infinity:58:4:59:Infinity":1,"s:17:2:60:Infinity":4,"s:20:6:22:Infinity":5,"f:20:54:20:57":1,"s:21:8:21:Infinity":6,"s:23:6:25:Infinity":7,"f:23:70:23:73":2,"s:24:8:24:Infinity":8,"s:26:6:26:Infinity":9,"s:30:6:32:Infinity":10,"f:30:57:30:60":3,"s:31:8:31:Infinity":11,"s:33:6:35:Infinity":12,"f:33:77:33:80":4,"s:34:8:34:Infinity":13,"s:36:6:36:Infinity":14,"s:40:6:42:Infinity":15,"f:40:57:40:60":5,"s:41:8:41:Infinity":16,"s:43:6:45:Infinity":17,"f:43:77:43:80":6,"s:44:8:44:Infinity":18,"s:46:6:46:Infinity":19,"s:50:6:52:Infinity":20,"f:50:50:50:53":7,"s:51:8:51:Infinity":21,"s:53:6:55:Infinity":22,"f:53:62:53:65":8,"s:54:8:54:Infinity":23,"s:56:6:56:Infinity":24,"s:59:6:59:Infinity":25}}}
,"B:\\Innovation Project\\Railway Scan - Frontend\\src\\utils\\roleHelpers.js": {"path":"B:\\Innovation Project\\Railway Scan - Frontend\\src\\utils\\roleHelpers.js","statementMap":{"0":{"start":{"line":6,"column":21},"end":{"line":59,"column":null}},"1":{"start":{"line":66,"column":29},"end":{"line":68,"column":null}},"2":{"start":{"line":67,"column":2},"end":{"line":67,"column":null}},"3":{"start":{"line":75,"column":31},"end":{"line":78,"column":null}},"4":{"start":{"line":76,"column":17},"end":{"line":76,"column":null}},"5":{"start":{"line":77,"column":2},"end":{"line":77,"column":null}},"6":{"start":{"line":85,"column":35},"end":{"line":88,"column":null}},"7":{"start":{"line":86,"column":17},"end":{"line":86,"column":null}},"8":{"start":{"line":87,"column":2},"end":{"line":87,"column":null}},"9":{"start":{"line":96,"column":30},"end":{"line":99,"column":null}},"10":{"start":{"line":97,"column":17},"end":{"line":97,"column":null}},"11":{"start":{"line":98,"column":2},"end":{"line":98,"column":null}},"12":{"start":{"line":106,"column":34},"end":{"line":109,"column":null}},"13":{"start":{"line":107,"column":17},"end":{"line":107,"column":null}},"14":{"start":{"line":108,"column":2},"end":{"line":108,"column":null}},"15":{"start":{"line":116,"column":28},"end":{"line":119,"column":null}},"16":{"start":{"line":117,"column":17},"end":{"line":117,"column":null}},"17":{"start":{"line":118,"column":2},"end":{"line":118,"column":null}},"18":{"start":{"line":127,"column":31},"end":{"line":130,"column":null}},"19":{"start":{"line":128,"column":19},"end":{"line":128,"column":null}},"20":{"start":{"line":129,"column":2},"end":{"line":129,"column":null}}},"fnMap":{"0":{"name":"(anonymous_0)","decl":{"start":{"line":66,"column":29},"end":{"line":66,"column":33}},"loc":{"start":{"line":66,"column":37},"end":{"line":68,"column":null}},"line":66},"1":{"name":"(anonymous_1)","decl":{"start":{"line":75,"column":31},"end":{"line":75,"column":35}},"loc":{"start":{"line":75,"column":39},"end":{"line":78,"column":null}},"line":75},"2":{"name":"(anonymous_2)","decl":{"start":{"line":85,"column":35},"end":{"line":85,"column":39}},"loc":{"start":{"line":85,"column":43},"end":{"line":88,"column":null}},"line":85},"3":{"name":"(anonymous_3)","decl":{"start":{"line":96,"column":30},"end":{"line":96,"column":31}},"loc":{"start":{"line":96,"column":49},"end":{"line":99,"column":null}},"line":96},"4":{"name":"(anonymous_4)","decl":{"start":{"line":106,"column":34},"end":{"line":106,"column":38}},"loc":{"start":{"line":106,"column":42},"end":{"line":109,"column":null}},"line":106},"5":{"name":"(anonymous_5)","decl":{"start":{"line":116,"column":28},"end":{"line":116,"column":32}},"loc":{"start":{"line":116,"column":36},"end":{"line":119,"column":null}},"line":116},"6":{"name":"(anonymous_6)","decl":{"start":{"line":127,"column":31},"end":{"line":127,"column":32}},"loc":{"start":{"line":127,"column":47},"end":{"line":130,"column":null}},"line":127}},"branchMap":{"0":{"loc":{"start":{"line":67,"column":9},"end":{"line":67,"column":null}},"type":"binary-expr","locations":[{"start":{"line":67,"column":9},"end":{"line":67,"column":27}},{"start":{"line":67,"column":31},"end":{"line":67,"column":null}}],"line":67},"1":{"loc":{"start":{"line":77,"column":9},"end":{"line":77,"column":null}},"type":"binary-expr","locations":[{"start":{"line":77,"column":9},"end":{"line":77,"column":25}},{"start":{"line":77,"column":29},"end":{"line":77,"column":null}}],"line":77},"2":{"loc":{"start":{"line":87,"column":9},"end":{"line":87,"column":null}},"type":"binary-expr","locations":[{"start":{"line":87,"column":9},"end":{"line":87,"column":29}},{"start":{"line":87,"column":33},"end":{"line":87,"column":null}}],"line":87},"3":{"loc":{"start":{"line":98,"column":9},"end":{"line":98,"column":null}},"type":"binary-expr","locations":[{"start":{"line":98,"column":9},"end":{"line":98,"column":43}},{"start":{"line":98,"column":47},"end":{"line":98,"column":null}}],"line":98},"4":{"loc":{"start":{"line":108,"column":9},"end":{"line":108,"column":null}},"type":"binary-expr","locations":[{"start":{"line":108,"column":9},"end":{"line":108,"column":28}},{"start":{"line":108,"column":32},"end":{"line":108,"column":null}}],"line":108}},"s":{"0":7,"1":7,"2":84,"3":7,"4":24,"5":24,"6":7,"7":0,"8":0,"9":7,"10":0,"11":0,"12":7,"13":0,"14":0,"15":7,"16":0,"17":0,"18":7,"19":15,"20":15},"f":{"0":84,"1":24,"2":0,"3":0,"4":0,"5":0,"6":15},"b":{"0":[84,3],"1":[24,1],"2":[0,0],"3":[0,0],"4":[0,0]},"meta":{"lastBranch":5,"lastFunction":7,"lastStatement":21,"seen":{"s:6:21:59:Infinity":0,"s:66:29:68:Infinity":1,"f:66:29:66:33":0,"s:67:2:67:Infinity":2,"b:67:9:67:27:67:31:67:Infinity":0,"s:75:31:78:Infinity":3,"f:75:31:75:35":1,"s:76:17:76:Infinity":4,"s:77:2:77:Infinity":5,"b:77:9:77:25:77:29:77:Infinity":1,"s:85:35:88:Infinity":6,"f:85:35:85:39":2,"s:86:17:86:Infinity":7,"s:87:2:87:Infinity":8,"b:87:9:87:29:87:33:87:Infinity":2,"s:96:30:99:Infinity":9,"f:96:30:96:31":3,"s:97:17:97:Infinity":10,"s:98:2:98:Infinity":11,"b:98:9:98:43:98:47:98:Infinity":3,"s:106:34:109:Infinity":12,"f:106:34:106:38":4,"s:107:17:107:Infinity":13,"s:108:2:108:Infinity":14,"b:108:9:108:28:108:32:108:Infinity":4,"s:116:28:119:Infinity":15,"f:116:28:116:32":5,"s:117:17:117:Infinity":16,"s:118:2:118:Infinity":17,"s:127:31:130:Infinity":18,"f:127:31:127:32":6,"s:128:19:128:Infinity":19,"s:129:2:129:Infinity":20}}}
,"B:\\Innovation Project\\Railway Scan - Frontend\\src\\utils\\storage.js": {"path":"B:\\Innovation Project\\Railway Scan - Frontend\\src\\utils\\storage.js","statementMap":{"0":{"start":{"line":5,"column":18},"end":{"line":5,"column":null}},"1":{"start":{"line":6,"column":26},"end":{"line":6,"column":null}},"2":{"start":{"line":7,"column":17},"end":{"line":7,"column":null}},"3":{"start":{"line":12,"column":25},"end":{"line":18,"column":null}},"4":{"start":{"line":13,"column":2},"end":{"line":17,"column":null}},"5":{"start":{"line":14,"column":4},"end":{"line":14,"column":null}},"6":{"start":{"line":16,"column":4},"end":{"line":16,"column":null}},"7":{"start":{"line":23,"column":24},"end":{"line":30,"column":null}},"8":{"start":{"line":24,"column":2},"end":{"line":29,"column":null}},"9":{"start":{"line":25,"column":4},"end":{"line":25,"column":null}},"10":{"start":{"line":27,"column":4},"end":{"line":27,"column":null}},"11":{"start":{"line":28,"column":4},"end":{"line":28,"column":null}},"12":{"start":{"line":35,"column":27},"end":{"line":41,"column":null}},"13":{"start":{"line":36,"column":2},"end":{"line":40,"column":null}},"14":{"start":{"line":37,"column":4},"end":{"line":37,"column":null}},"15":{"start":{"line":39,"column":4},"end":{"line":39,"column":null}},"16":{"start":{"line":46,"column":32},"end":{"line":52,"column":null}},"17":{"start":{"line":47,"column":2},"end":{"line":51,"column":null}},"18":{"start":{"line":48,"column":4},"end":{"line":48,"column":null}},"19":{"start":{"line":50,"column":4},"end":{"line":50,"column":null}},"20":{"start":{"line":57,"column":31},"end":{"line":64,"column":null}},"21":{"start":{"line":58,"column":2},"end":{"line":63,"column":null}},"22":{"start":{"line":59,"column":4},"end":{"line":59,"column":null}},"23":{"start":{"line":61,"column":4},"end":{"line":61,"column":null}},"24":{"start":{"line":62,"column":4},"end":{"line":62,"column":null}},"25":{"start":{"line":69,"column":34},"end":{"line":75,"column":null}},"26":{"start":{"line":70,"column":2},"end":{"line":74,"column":null}},"27":{"start":{"line":71,"column":4},"end":{"line":71,"column":null}},"28":{"start":{"line":73,"column":4},"end":{"line":73,"column":null}},"29":{"start":{"line":80,"column":24},"end":{"line":86,"column":null}},"30":{"start":{"line":81,"column":2},"end":{"line":85,"column":null}},"31":{"start":{"line":82,"column":4},"end":{"line":82,"column":null}},"32":{"start":{"line":84,"column":4},"end":{"line":84,"column":null}},"33":{"start":{"line":91,"column":23},"end":{"line":99,"column":null}},"34":{"start":{"line":92,"column":2},"end":{"line":98,"column":null}},"35":{"start":{"line":93,"column":17},"end":{"line":93,"column":null}},"36":{"start":{"line":94,"column":4},"end":{"line":94,"column":null}},"37":{"start":{"line":96,"column":4},"end":{"line":96,"column":null}},"38":{"start":{"line":97,"column":4},"end":{"line":97,"column":null}},"39":{"start":{"line":104,"column":26},"end":{"line":110,"column":null}},"40":{"start":{"line":105,"column":2},"end":{"line":109,"column":null}},"41":{"start":{"line":106,"column":4},"end":{"line":106,"column":null}},"42":{"start":{"line":108,"column":4},"end":{"line":108,"column":null}},"43":{"start":{"line":115,"column":29},"end":{"line":119,"column":null}},"44":{"start":{"line":116,"column":2},"end":{"line":116,"column":null}},"45":{"start":{"line":117,"column":2},"end":{"line":117,"column":null}},"46":{"start":{"line":118,"column":2},"end":{"line":118,"column":null}},"47":{"start":{"line":124,"column":30},"end":{"line":134,"column":null}},"48":{"start":{"line":125,"column":2},"end":{"line":125,"column":null}},"49":{"start":{"line":125,"column":14},"end":{"line":125,"column":null}},"50":{"start":{"line":127,"column":2},"end":{"line":133,"column":null}},"51":{"start":{"line":128,"column":20},"end":{"line":128,"column":null}},"52":{"start":{"line":129,"column":19},"end":{"line":129,"column":37}},"53":{"start":{"line":130,"column":4},"end":{"line":130,"column":null}},"54":{"start":{"line":132,"column":4},"end":{"line":132,"column":null}}},"fnMap":{"0":{"name":"(anonymous_0)","decl":{"start":{"line":12,"column":25},"end":{"line":12,"column":30}},"loc":{"start":{"line":12,"column":34},"end":{"line":18,"column":null}},"line":12},"1":{"name":"(anonymous_1)","decl":{"start":{"line":23,"column":24},"end":{"line":23,"column":25}},"loc":{"start":{"line":23,"column":30},"end":{"line":30,"column":null}},"line":23},"2":{"name":"(anonymous_2)","decl":{"start":{"line":35,"column":27},"end":{"line":35,"column":28}},"loc":{"start":{"line":35,"column":33},"end":{"line":41,"column":null}},"line":35},"3":{"name":"(anonymous_3)","decl":{"start":{"line":46,"column":32},"end":{"line":46,"column":37}},"loc":{"start":{"line":46,"column":41},"end":{"line":52,"column":null}},"line":46},"4":{"name":"(anonymous_4)","decl":{"start":{"line":57,"column":31},"end":{"line":57,"column":32}},"loc":{"start":{"line":57,"column":37},"end":{"line":64,"column":null}},"line":57},"5":{"name":"(anonymous_5)","decl":{"start":{"line":69,"column":34},"end":{"line":69,"column":35}},"loc":{"start":{"line":69,"column":40},"end":{"line":75,"column":null}},"line":69},"6":{"name":"(anonymous_6)","decl":{"start":{"line":80,"column":24},"end":{"line":80,"column":28}},"loc":{"start":{"line":80,"column":32},"end":{"line":86,"column":null}},"line":80},"7":{"name":"(anonymous_7)","decl":{"start":{"line":91,"column":23},"end":{"line":91,"column":24}},"loc":{"start":{"line":91,"column":29},"end":{"line":99,"column":null}},"line":91},"8":{"name":"(anonymous_8)","decl":{"start":{"line":104,"column":26},"end":{"line":104,"column":27}},"loc":{"start":{"line":104,"column":32},"end":{"line":110,"column":null}},"line":104},"9":{"name":"(anonymous_9)","decl":{"start":{"line":115,"column":29},"end":{"line":115,"column":30}},"loc":{"start":{"line":115,"column":35},"end":{"line":119,"column":null}},"line":115},"10":{"name":"(anonymous_10)","decl":{"start":{"line":124,"column":30},"end":{"line":124,"column":35}},"loc":{"start":{"line":124,"column":39},"end":{"line":134,"column":null}},"line":124}},"branchMap":{"0":{"loc":{"start":{"line":94,"column":11},"end":{"line":94,"column":null}},"type":"cond-expr","locations":[{"start":{"line":94,"column":18},"end":{"line":94,"column":34}},{"start":{"line":94,"column":37},"end":{"line":94,"column":null}}],"line":94},"1":{"loc":{"start":{"line":125,"column":2},"end":{"line":125,"column":null}},"type":"if","locations":[{"start":{"line":125,"column":2},"end":{"line":125,"column":null}},{"start":{},"end":{}}],"line":125}},"s":{"0":6,"1":6,"2":6,"3":6,"4":33,"5":33,"6":0,"7":6,"8":12,"9":12,"10":0,"11":0,"12":6,"13":58,"14":58,"15":0,"16":6,"17":33,"18":33,"19":0,"20":6,"21":0,"22":0,"23":0,"24":0,"25":6,"26":58,"27":58,"28":0,"29":6,"30":40,"31":40,"32":0,"33":6,"34":12,"35":12,"36":12,"37":0,"38":0,"39":6,"40":58,"41":58,"42":0,"43":6,"44":58,"45":58,"46":58,"47":6,"48":0,"49":0,"50":0,"51":0,"52":0,"53":0,"54":0},"f":{"0":33,"1":12,"2":58,"3":33,"4":0,"5":58,"6":40,"7":12,"8":58,"9":58,"10":0},"b":{"0":[0,12],"1":[0,0]},"meta":{"lastBranch":2,"lastFunction":11,"lastStatement":55,"seen":{"s:5:18:5:Infinity":0,"s:6:26:6:Infinity":1,"s:7:17:7:Infinity":2,"s:12:25:18:Infinity":3,"f:12:25:12:30":0,"s:13:2:17:Infinity":4,"s:14:4:14:Infinity":5,"s:16:4:16:Infinity":6,"s:23:24:30:Infinity":7,"f:23:24:23:25":1,"s:24:2:29:Infinity":8,"s:25:4:25:Infinity":9,"s:27:4:27:Infinity":10,"s:28:4:28:Infinity":11,"s:35:27:41:Infinity":12,"f:35:27:35:28":2,"s:36:2:40:Infinity":13,"s:37:4:37:Infinity":14,"s:39:4:39:Infinity":15,"s:46:32:52:Infinity":16,"f:46:32:46:37":3,"s:47:2:51:Infinity":17,"s:48:4:48:Infinity":18,"s:50:4:50:Infinity":19,"s:57:31:64:Infinity":20,"f:57:31:57:32":4,"s:58:2:63:Infinity":21,"s:59:4:59:Infinity":22,"s:61:4:61:Infinity":23,"s:62:4:62:Infinity":24,"s:69:34:75:Infinity":25,"f:69:34:69:35":5,"s:70:2:74:Infinity":26,"s:71:4:71:Infinity":27,"s:73:4:73:Infinity":28,"s:80:24:86:Infinity":29,"f:80:24:80:28":6,"s:81:2:85:Infinity":30,"s:82:4:82:Infinity":31,"s:84:4:84:Infinity":32,"s:91:23:99:Infinity":33,"f:91:23:91:24":7,"s:92:2:98:Infinity":34,"s:93:17:93:Infinity":35,"s:94:4:94:Infinity":36,"b:94:18:94:34:94:37:94:Infinity":0,"s:96:4:96:Infinity":37,"s:97:4:97:Infinity":38,"s:104:26:110:Infinity":39,"f:104:26:104:27":8,"s:105:2:109:Infinity":40,"s:106:4:106:Infinity":41,"s:108:4:108:Infinity":42,"s:115:29:119:Infinity":43,"f:115:29:115:30":9,"s:116:2:116:Infinity":44,"s:117:2:117:Infinity":45,"s:118:2:118:Infinity":46,"s:124:30:134:Infinity":47,"f:124:30:124:35":10,"b:125:2:125:Infinity:undefined:undefined:undefined:undefined":1,"s:125:2:125:Infinity":48,"s:125:14:125:Infinity":49,"s:127:2:133:Infinity":50,"s:128:20:128:Infinity":51,"s:129:19:129:37":52,"s:130:4:130:Infinity":53,"s:132:4:132:Infinity":54}}}
}
